<?xml version="1.0" encoding="UTF-8"?>
<testsuite xmlns:xsi="http://www.w3.org/2001/XMLSchema-instance" xsi:noNamespaceSchemaLocation="https://maven.apache.org/surefire/maven-surefire-plugin/xsd/surefire-test-report-3.0.xsd" version="3.0" name="TestSuite" time="461.039" tests="8" errors="0" skipped="0" failures="4">
  <properties>
[...]
</properties>
  <testcase name="openGooglePlayGamesTest" classname="firstSEI.MainPageTests" time="27.014"/>
  <testcase name="openGooglePlayMusicTest" classname="firstSEI.MainPageTests" time="30.446"/>
  <testcase name="openGooglePlayTest" classname="firstSEI.MainPageTests" time="19.623"/>
  <testcase name="googlePlayHomePageTest" classname="firstSEI.GoogleApps.GooglePlayHomeTests" time="43.44"/>
  <testcase name="googlePlayGamesPageTest" classname="firstSEI.GoogleApps.GooglePlayGamesTests" time="41.736">
    <failure message="expected [Games] but found [Arcade games]" type="java.lang.AssertionError">java.lang.AssertionError: expected [Games] but found [Arcade games]
	at firstSEI.GoogleApps.GooglePlayGamesTests.googlePlayGamesPageTest(GooglePlayGamesTests.java:26)
</failure>
    <system-out><![CDATA[PASSED: googlePlayHomePageTest

===============================================
    GooglePlayHomeTests
    Tests run: 1, Failures: 0, Skips: 0
===============================================

&amp#27;[35m[Appium]&amp#27;[39m Welcome to Appium v1.14.2
&amp#27;[35m[Appium]&amp#27;[39m Appium REST http interface listener started on 0.0.0.0:4723
&amp#27;[35m[HTTP]&amp#27;[39m &amp#27;[37m-->&amp#27;[39m &amp#27;[37mGET&amp#27;[39m &amp#27;[37m/wd/hub/status&amp#27;[39m
&amp#27;[35m[HTTP]&amp#27;[39m &amp#27;[90m{}&amp#27;[39m
[debug] &amp#27;[35m[GENERIC]&amp#27;[39m Calling AppiumDriver.getStatus() with args: []
[debug] &amp#27;[35m[GENERIC]&amp#27;[39m Responding to client with driver.getStatus() result: {"build":{"version":"1.14.2"}}
&amp#27;[35m[HTTP]&amp#27;[39m &amp#27;[37m<-- GET /wd/hub/status &amp#27;[39m&amp#27;[32m200&amp#27;[39m &amp#27;[90m10 ms - 68&amp#27;[39m
&amp#27;[35m[HTTP]&amp#27;[39m &amp#27;[90m&amp#27;[39m
&amp#27;[35m[HTTP]&amp#27;[39m &amp#27;[37m-->&amp#27;[39m &amp#27;[37mPOST&amp#27;[39m &amp#27;[37m/wd/hub/session&amp#27;[39m
&amp#27;[35m[HTTP]&amp#27;[39m &amp#27;[90m{"desiredCapabilities":{"appActivity":"com.onoapps.cellcomtv.activities.SplashActivity","appPackage":"com.cellcom.cellcom_tv.stb","noReset":true,"newCommandTimeout":"60","automationName":"uiautomator2","platformName":"Android","udid":"GZ18120115200028","deviceName":"GZ18120115200028"},"capabilities":{"firstMatch":[{"appium:appActivity":"com.onoapps.cellcomtv.activities.SplashActivity","appium:appPackage":"com.cellcom.cellcom_tv.stb","appium:automationName":"uiautomator2","appium:deviceName":"GZ18120115200028","appium:newCommandTimeout":"60","appium:noReset":true,"platformName":"android","appium:udid":"GZ18120115200028"}]}}&amp#27;[39m
[debug] &amp#27;[35m[W3C]&amp#27;[39m Calling AppiumDriver.createSession() with args: [{"appActivity":"com.onoapps.cellcomtv.activities.SplashActivity","appPackage":"com.cellcom.cellcom_tv.stb","noReset":true,"newCommandTimeout":"60","automationName":"uiautomator2","platformName":"Android","udid":"GZ18120115200028","deviceName":"GZ18120115200028"},null,{"firstMatch":[{"appium:appActivity":"com.onoapps.cellcomtv.activities.SplashActivity","appium:appPackage":"com.cellcom.cellcom_tv.stb","appium:automationName":"uiautomator2","appium:deviceName":"GZ18120115200028","appium:newCommandTimeout":"60","appium:noReset":true,"platformName":"android","appium:udid":"GZ18120115200028"}]}]
[debug] &amp#27;[35m[BaseDriver]&amp#27;[39m Event 'newSessionRequested' logged at 1571058485393 (16:08:05 GMT+0300 (GMT+03:00))
&amp#27;[35m[BaseDriver]&amp#27;[39m Number capability passed in as string. Functionality may be compromised.
&amp#27;[35m[Appium]&amp#27;[39m Appium v1.14.2 creating new AndroidUiautomator2Driver (v1.33.1) session
&amp#27;[35m[Appium]&amp#27;[39m Capabilities:
&amp#27;[35m[Appium]&amp#27;[39m   platformName: android
&amp#27;[35m[Appium]&amp#27;[39m   appActivity: com.onoapps.cellcomtv.activities.SplashActivity
&amp#27;[35m[Appium]&amp#27;[39m   appPackage: com.cellcom.cellcom_tv.stb
&amp#27;[35m[Appium]&amp#27;[39m   automationName: uiautomator2
&amp#27;[35m[Appium]&amp#27;[39m   deviceName: GZ18120115200028
&amp#27;[35m[Appium]&amp#27;[39m   newCommandTimeout: 60
&amp#27;[35m[Appium]&amp#27;[39m   noReset: true
&amp#27;[35m[Appium]&amp#27;[39m   udid: GZ18120115200028
[debug] &amp#27;[35m[BaseDriver]&amp#27;[39m W3C capabilities {"alwaysMatch":{"platformNa... and MJSONWP desired capabilities {"appActivity":"com.onoapps... were provided
[debug] &amp#27;[35m[BaseDriver]&amp#27;[39m Creating session with W3C capabilities: {"alwaysMatch":{"platformNa...
&amp#27;[35m[BaseDriver]&amp#27;[39m Number capability passed in as string. Functionality may be compromised.
&amp#27;[35m[BaseDriver]&amp#27;[39m Capability 'newCommandTimeout' changed from string ('60') to integer (60). This may cause unexpected behavior
&amp#27;[35m[BaseDriver]&amp#27;[39m Session created with session id: 6753ef3d-0727-4e8a-b8c4-ab98740d4887
&amp#27;[35m[ADB]&amp#27;[39m Found 1 'build-tools' folders under 'C:\Users\Leonidus\AppData\Local\Android\Sdk' (newest first):
&amp#27;[35m[ADB]&amp#27;[39m     C:/Users/Leonidus/AppData/Local/Android/Sdk/build-tools/29.0.2
&amp#27;[35m[ADB]&amp#27;[39m Using 'adb.exe' from 'C:\Users\Leonidus\AppData\Local\Android\Sdk\platform-tools\adb.exe'
&amp#27;[35m[AndroidDriver]&amp#27;[39m Retrieving device list
[debug] &amp#27;[35m[ADB]&amp#27;[39m Trying to find a connected android device
[debug] &amp#27;[35m[ADB]&amp#27;[39m Getting connected devices...
[debug] &amp#27;[35m[ADB]&amp#27;[39m 2 device(s) connected
&amp#27;[35m[AndroidDriver]&amp#27;[39m Using device: GZ18120115200028
&amp#27;[35m[ADB]&amp#27;[39m Using 'adb.exe' from 'C:\Users\Leonidus\AppData\Local\Android\Sdk\platform-tools\adb.exe'
[debug] &amp#27;[35m[ADB]&amp#27;[39m Setting device id to GZ18120115200028
[debug] &amp#27;[35m[ADB]&amp#27;[39m Running 'C:\Users\Leonidus\AppData\Local\Android\Sdk\platform-tools\adb.exe -P 5037 -s GZ18120115200028 shell getprop ro.build.version.sdk'
[debug] &amp#27;[35m[ADB]&amp#27;[39m Current device property 'ro.build.version.sdk': 28
[debug] &amp#27;[35m[ADB]&amp#27;[39m Running 'C:\Users\Leonidus\AppData\Local\Android\Sdk\platform-tools\adb.exe -P 5037 -s GZ18120115200028 shell getprop ro.build.version.release'
[debug] &amp#27;[35m[ADB]&amp#27;[39m Current device property 'ro.build.version.release': 9
[debug] &amp#27;[35m[ADB]&amp#27;[39m Device API level: 28
&amp#27;[35m[UiAutomator2]&amp#27;[39m Relaxing hidden api policy
[debug] &amp#27;[35m[ADB]&amp#27;[39m Running 'C:\Users\Leonidus\AppData\Local\Android\Sdk\platform-tools\adb.exe -P 5037 -s GZ18120115200028 shell settings put global hidden_api_policy_pre_p_apps 1'
[debug] &amp#27;[35m[ADB]&amp#27;[39m Running 'C:\Users\Leonidus\AppData\Local\Android\Sdk\platform-tools\adb.exe -P 5037 -s GZ18120115200028 shell settings put global hidden_api_policy_p_apps 1'
[debug] &amp#27;[35m[ADB]&amp#27;[39m Running 'C:\Users\Leonidus\AppData\Local\Android\Sdk\platform-tools\adb.exe -P 5037 -s GZ18120115200028 shell settings put global hidden_api_policy 1'
&amp#27;[35m[AndroidDriver]&amp#27;[39m No app sent in, not parsing package/activity
[debug] &amp#27;[35m[ADB]&amp#27;[39m Running 'C:\Users\Leonidus\AppData\Local\Android\Sdk\platform-tools\adb.exe -P 5037 -s GZ18120115200028 wait-for-device'
[debug] &amp#27;[35m[ADB]&amp#27;[39m Running 'C:\Users\Leonidus\AppData\Local\Android\Sdk\platform-tools\adb.exe -P 5037 -s GZ18120115200028 shell echo ping'
[debug] &amp#27;[35m[AndroidDriver]&amp#27;[39m Pushing settings apk to device...
[debug] &amp#27;[35m[ADB]&amp#27;[39m Getting install status for io.appium.settings
[debug] &amp#27;[35m[ADB]&amp#27;[39m Running 'C:\Users\Leonidus\AppData\Local\Android\Sdk\platform-tools\adb.exe -P 5037 -s GZ18120115200028 shell dumpsys package io.appium.settings'
[debug] &amp#27;[35m[ADB]&amp#27;[39m 'io.appium.settings' is installed
[debug] &amp#27;[35m[ADB]&amp#27;[39m Getting package info for 'io.appium.settings'
[debug] &amp#27;[35m[ADB]&amp#27;[39m Running 'C:\Users\Leonidus\AppData\Local\Android\Sdk\platform-tools\adb.exe -P 5037 -s GZ18120115200028 shell dumpsys package io.appium.settings'
&amp#27;[35m[ADB]&amp#27;[39m Using 'aapt.exe' from 'C:\Users\Leonidus\AppData\Local\Android\Sdk\build-tools\29.0.2\aapt.exe'
[debug] &amp#27;[35m[ADB]&amp#27;[39m The version name of the installed 'io.appium.settings' is greater or equal to the application version name ('2.14.1' >= '2.14.1')
[debug] &amp#27;[35m[ADB]&amp#27;[39m There is no need to install/upgrade 'C:\Users\Leonidus\AppData\Roaming\npm\node_modules\appium\node_modules\io.appium.settings\apks\settings_apk-debug.apk'
[debug] &amp#27;[35m[ADB]&amp#27;[39m Getting IDs of all 'io.appium.settings' processes
[debug] &amp#27;[35m[ADB]&amp#27;[39m Running 'C:\Users\Leonidus\AppData\Local\Android\Sdk\platform-tools\adb.exe -P 5037 -s GZ18120115200028 shell 'pgrep --help; echo $?''
[debug] &amp#27;[35m[ADB]&amp#27;[39m Running 'C:\Users\Leonidus\AppData\Local\Android\Sdk\platform-tools\adb.exe -P 5037 -s GZ18120115200028 shell pgrep -f io\\.appium\\.settings'
[debug] &amp#27;[35m[AndroidDriver]&amp#27;[39m io.appium.settings is already running. There is no need to reset its permissions.
[debug] &amp#27;[35m[ADB]&amp#27;[39m Running 'C:\Users\Leonidus\AppData\Local\Android\Sdk\platform-tools\adb.exe -P 5037 -s GZ18120115200028 shell appops set io.appium.settings android\:mock_location allow'
[debug] &amp#27;[35m[Logcat]&amp#27;[39m Starting logcat capture
[debug] &amp#27;[35m[ADB]&amp#27;[39m Getting install status for io.appium.uiautomator2.server
[debug] &amp#27;[35m[ADB]&amp#27;[39m Running 'C:\Users\Leonidus\AppData\Local\Android\Sdk\platform-tools\adb.exe -P 5037 -s GZ18120115200028 shell dumpsys package io.appium.uiautomator2.server'
[debug] &amp#27;[35m[ADB]&amp#27;[39m 'io.appium.uiautomator2.server' is installed
[debug] &amp#27;[35m[ADB]&amp#27;[39m Getting package info for 'io.appium.uiautomator2.server'
[debug] &amp#27;[35m[ADB]&amp#27;[39m Running 'C:\Users\Leonidus\AppData\Local\Android\Sdk\platform-tools\adb.exe -P 5037 -s GZ18120115200028 shell dumpsys package io.appium.uiautomator2.server'
[debug] &amp#27;[35m[ADB]&amp#27;[39m The version name of the installed 'io.appium.uiautomator2.server' is greater or equal to the application version name ('3.7.0' >= '3.7.0')
[debug] &amp#27;[35m[UiAutomator2]&amp#27;[39m io.appium.uiautomator2.server installation state: sameVersionInstalled
[debug] &amp#27;[35m[ADB]&amp#27;[39m Checking app cert for C:\Users\Leonidus\AppData\Roaming\npm\node_modules\appium\node_modules\appium-uiautomator2-server\apks\appium-uiautomator2-server-v3.7.0.apk
&amp#27;[35m[ADB]&amp#27;[39m Using 'apksigner.bat' from 'C:\Users\Leonidus\AppData\Local\Android\Sdk\build-tools\29.0.2\apksigner.bat'
[debug] &amp#27;[35m[ADB]&amp#27;[39m Starting 'C:\Users\Leonidus\AppData\Local\Android\Sdk\build-tools\29.0.2\apksigner.bat' with args '["verify","--print-certs","C:\\Users\\Leonidus\\AppData\\Roaming\\npm\\node_modules\\appium\\node_modules\\appium-uiautomator2-server\\apks\\appium-uiautomator2-server-v3.7.0.apk"]'
[debug] &amp#27;[35m[ADB]&amp#27;[39m apksigner stdout: Signer #1 certificate DN: EMAILADDRESS=android@android.com, CN=Android, OU=Android, O=Android, L=Mountain View, ST=California, C=US
[debug] &amp#27;[35m[ADB]&amp#27;[39m Signer #1 certificate SHA-256 digest: a40da80a59d170caa950cf15c18c454d47a39b26989d8b640ecd745ba71bf5dc
[debug] &amp#27;[35m[ADB]&amp#27;[39m Signer #1 certificate SHA-1 digest: 61ed377e85d386a8dfee6b864bd85b0bfaa5af81
[debug] &amp#27;[35m[ADB]&amp#27;[39m Signer #1 certificate MD5 digest: e89b158e4bcf988ebd09eb83f5378e87
[debug] &amp#27;[35m[ADB]&amp#27;[39m 
[debug] &amp#27;[35m[ADB]&amp#27;[39m 'C:\Users\Leonidus\AppData\Roaming\npm\node_modules\appium\node_modules\appium-uiautomator2-server\apks\appium-uiautomator2-server-v3.7.0.apk' is already signed.
[debug] &amp#27;[35m[ADB]&amp#27;[39m Getting install status for io.appium.uiautomator2.server.test
[debug] &amp#27;[35m[ADB]&amp#27;[39m Running 'C:\Users\Leonidus\AppData\Local\Android\Sdk\platform-tools\adb.exe -P 5037 -s GZ18120115200028 shell dumpsys package io.appium.uiautomator2.server.test'
[debug] &amp#27;[35m[ADB]&amp#27;[39m 'io.appium.uiautomator2.server.test' is installed
[debug] &amp#27;[35m[ADB]&amp#27;[39m Checking app cert for C:\Users\Leonidus\AppData\Roaming\npm\node_modules\appium\node_modules\appium-uiautomator2-server\apks\appium-uiautomator2-server-debug-androidTest.apk
[debug] &amp#27;[35m[ADB]&amp#27;[39m Starting 'C:\Users\Leonidus\AppData\Local\Android\Sdk\build-tools\29.0.2\apksigner.bat' with args '["verify","--print-certs","C:\\Users\\Leonidus\\AppData\\Roaming\\npm\\node_modules\\appium\\node_modules\\appium-uiautomator2-server\\apks\\appium-uiautomator2-server-debug-androidTest.apk"]'
[debug] &amp#27;[35m[ADB]&amp#27;[39m apksigner stdout: Signer #1 certificate DN: EMAILADDRESS=android@android.com, CN=Android, OU=Android, O=Android, L=Mountain View, ST=California, C=US
[debug] &amp#27;[35m[ADB]&amp#27;[39m Signer #1 certificate SHA-256 digest: a40da80a59d170caa950cf15c18c454d47a39b26989d8b640ecd745ba71bf5dc
[debug] &amp#27;[35m[ADB]&amp#27;[39m Signer #1 certificate SHA-1 digest: 61ed377e85d386a8dfee6b864bd85b0bfaa5af81
[debug] &amp#27;[35m[ADB]&amp#27;[39m Signer #1 certificate MD5 digest: e89b158e4bcf988ebd09eb83f5378e87
[debug] &amp#27;[35m[ADB]&amp#27;[39m 
[debug] &amp#27;[35m[ADB]&amp#27;[39m 'C:\Users\Leonidus\AppData\Roaming\npm\node_modules\appium\node_modules\appium-uiautomator2-server\apks\appium-uiautomator2-server-debug-androidTest.apk' is already signed.
&amp#27;[35m[UiAutomator2]&amp#27;[39m Server packages are not going to be (re)installed
[debug] &amp#27;[35m[UiAutomator2]&amp#27;[39m Waiting up to 30000ms for services to be available
[debug] &amp#27;[35m[ADB]&amp#27;[39m Running 'C:\Users\Leonidus\AppData\Local\Android\Sdk\platform-tools\adb.exe -P 5037 -s GZ18120115200028 shell pm list instrumentation'
[debug] &amp#27;[35m[UiAutomator2]&amp#27;[39m Instrumentation target 'io.appium.uiautomator2.server.test/androidx.test.runner.AndroidJUnitRunner' is available
[debug] &amp#27;[35m[UiAutomator2]&amp#27;[39m Forwarding UiAutomator2 Server port 6790 to 8209
[debug] &amp#27;[35m[ADB]&amp#27;[39m Forwarding system: 8209 to device: 6790
[debug] &amp#27;[35m[ADB]&amp#27;[39m Running 'C:\Users\Leonidus\AppData\Local\Android\Sdk\platform-tools\adb.exe -P 5037 -s GZ18120115200028 forward tcp\:8209 tcp\:6790'
[debug] &amp#27;[35m[UiAutomator2]&amp#27;[39m No app capability. Assuming it is already on the device
[debug] &amp#27;[35m[UiAutomator2]&amp#27;[39m Performing shallow cleanup of automation leftovers
[debug] &amp#27;[35m[UiAutomator2]&amp#27;[39m The following obsolete sessions are still running: ["2f8c384e-41e5-4421-a315-85b46563bd18"]
[debug] &amp#27;[35m[UiAutomator2]&amp#27;[39m Cleaning up the obsolete sessions
[debug] &amp#27;[35m[ADB]&amp#27;[39m Running 'C:\Users\Leonidus\AppData\Local\Android\Sdk\platform-tools\adb.exe -P 5037 -s GZ18120115200028 shell am force-stop io.appium.uiautomator2.server.test'
&amp#27;[35m[UiAutomator2]&amp#27;[39m Starting UIAutomator2 server 3.7.0
&amp#27;[35m[UiAutomator2]&amp#27;[39m Using UIAutomator2 server from 'C:\Users\Leonidus\AppData\Roaming\npm\node_modules\appium\node_modules\appium-uiautomator2-server\apks\appium-uiautomator2-server-v3.7.0.apk' and test from 'C:\Users\Leonidus\AppData\Roaming\npm\node_modules\appium\node_modules\appium-uiautomator2-server\apks\appium-uiautomator2-server-debug-androidTest.apk'
&amp#27;[35m[UiAutomator2]&amp#27;[39m Waiting up to 30000ms for UiAutomator2 to be online...
[debug] &amp#27;[35m[ADB]&amp#27;[39m Creating ADB subprocess with args: ["-P",5037,"-s","GZ18120115200028","shell","am","instrument","-w","io.appium.uiautomator2.server.test/androidx.test.runner.AndroidJUnitRunner"]
[debug] &amp#27;[35m[WD Proxy]&amp#27;[39m Matched '/status' to command name 'getStatus'
[debug] &amp#27;[35m[WD Proxy]&amp#27;[39m Proxying [GET /status] to [GET http://localhost:8209/wd/hub/status] with no body
&amp#27;[35m[WD Proxy]&amp#27;[39m Got an unexpected response: {"code":"ECONNRESET"}
[debug] &amp#27;[35m[WD Proxy]&amp#27;[39m Matched '/status' to command name 'getStatus'
[debug] &amp#27;[35m[WD Proxy]&amp#27;[39m Proxying [GET /status] to [GET http://localhost:8209/wd/hub/status] with no body
&amp#27;[35m[WD Proxy]&amp#27;[39m Got an unexpected response: {"code":"ECONNRESET"}
[debug] &amp#27;[35m[Instrumentation]&amp#27;[39m io.appium.uiautomator2.server.test.AppiumUiAutomator2Server:
[debug] &amp#27;[35m[WD Proxy]&amp#27;[39m Matched '/status' to command name 'getStatus'
[debug] &amp#27;[35m[WD Proxy]&amp#27;[39m Proxying [GET /status] to [GET http://localhost:8209/wd/hub/status] with no body
[debug] &amp#27;[35m[WD Proxy]&amp#27;[39m Got response with status 200: "{\"sessionId\":\"None\",\"status\":0,\"value\":\"Status Invoked\"}"
[debug] &amp#27;[35m[WD Proxy]&amp#27;[39m Determined that the downstream protocol for proxy is MJSONWP
[debug] &amp#27;[35m[UiAutomator2]&amp#27;[39m The initialization of the instrumentation process took 4187ms
[debug] &amp#27;[35m[WD Proxy]&amp#27;[39m Matched '/session' to command name 'createSession'
[debug] &amp#27;[35m[WD Proxy]&amp#27;[39m Proxying [POST /session] to [POST http://localhost:8209/wd/hub/session] with body: {"desiredCapabilities":{"platform":"LINUX","webStorageEnabled":false,"takesScreenshot":true,"javascriptEnabled":true,"databaseEnabled":false,"networkConnectionEnabled":true,"locationContextEnabled":false,"warnings":{},"desired":{"platformName":"android","appActivity":"com.onoapps.cellcomtv.activities.SplashActivity","appPackage":"com.cellcom.cellcom_tv.stb","automationName":"uiautomator2","deviceName":"GZ18120115200028","newCommandTimeout":60,"noReset":true,"udid":"GZ18120115200028"},"platformName":"android","appActivity":"com.onoapps.cellcomtv.activities.SplashActivity","appPackage":"com.cellcom.cellcom_tv.stb","automationName":"uiautomator2","deviceName":"GZ18120115200028","newCommandTimeout":60,"noReset":true,"udid":"GZ18120115200028","deviceUDID":"GZ18120115200028"}}
[debug] &amp#27;[35m[WD Proxy]&amp#27;[39m Got response with status 200: {"sessionId":"921a8b06-4146-4496-a809-0e08a9637d86","status":0,"value":"Created Session"}
[debug] &amp#27;[35m[WD Proxy]&amp#27;[39m Proxying [GET /appium/device/info] to [GET http://localhost:8209/wd/hub/session/921a8b06-4146-4496-a809-0e08a9637d86/appium/device/info] with no body
[debug] &amp#27;[35m[WD Proxy]&amp#27;[39m Got response with status 200: "{\"sessionId\":\"921a8b06-4146-4496-a809-0e08a9637d86\",\"status\":0,\"value\":{\"androidId\":\"ec7e524fb8586e8f\",\"manufacturer\":\"SEI Robotics\",\"model\":\"SEI-S905X2\",\"brand\":\"Cellcomtv\",\"apiVersion\":\"28\",\"platformVersion\":\"9\",\"carrierName\":\"\",\"realDisplaySize\":\"1920x1080\",\"displayDensity\":320,\"networks\":[{\"type\":1,\"typeName\":\"WIFI\",\"subtype\":0,\"subtypeName\":\"\",\"isConnected\":true,\"detailedState\":\"CONNECTED\",\"state\":\"CONNECTED\",\"extraInfo\":null,\"isAvailable\":true,\"isFailover\":false,\"isRoaming\":false,\"capabilities\":{\"transportTypes\":\"NET_CAPABILITY_SUPL\",\"networkCapabilities\":\"\",\"linkUpstreamBandwidthKbps\":1048576,\"linkDownBandwidthKbps\":1048576,\"signalStrength\":-58,\"networkSpecifier\":null,\"SSID\":null}}]}}"
[debug] &amp#27;[35m[ADB]&amp#27;[39m Running 'C:\Users\Leonidus\AppData\Local\Android\Sdk\platform-tools\adb.exe -P 5037 -s GZ18120115200028 shell dumpsys window'
&amp#27;[35m[AndroidDriver]&amp#27;[39m Screen already unlocked, doing nothing
&amp#27;[35m[UiAutomator2]&amp#27;[39m UiAutomator2 did not start the activity we were waiting for, 'com.cellcom.cellcom_tv.stb/com.onoapps.cellcomtv.activities.SplashActivity'. Starting it ourselves
[debug] &amp#27;[35m[ADB]&amp#27;[39m Running 'C:\Users\Leonidus\AppData\Local\Android\Sdk\platform-tools\adb.exe -P 5037 -s GZ18120115200028 shell am start -W -n com.cellcom.cellcom_tv.stb/com.onoapps.cellcomtv.activities.SplashActivity -S -a android.intent.action.MAIN -c android.intent.category.LAUNCHER -f 0x10200000'
[debug] &amp#27;[35m[WD Proxy]&amp#27;[39m Proxying [GET /appium/device/pixel_ratio] to [GET http://localhost:8209/wd/hub/session/921a8b06-4146-4496-a809-0e08a9637d86/appium/device/pixel_ratio] with body: {}
[debug] &amp#27;[35m[WD Proxy]&amp#27;[39m Got response with status 200: "{\"sessionId\":\"921a8b06-4146-4496-a809-0e08a9637d86\",\"status\":0,\"value\":2}"
[debug] &amp#27;[35m[WD Proxy]&amp#27;[39m Matched '/appium/device/system_bars' to command name 'getSystemBars'
[debug] &amp#27;[35m[WD Proxy]&amp#27;[39m Proxying [GET /appium/device/system_bars] to [GET http://localhost:8209/wd/hub/session/921a8b06-4146-4496-a809-0e08a9637d86/appium/device/system_bars] with body: {}
[debug] &amp#27;[35m[WD Proxy]&amp#27;[39m Got response with status 200: "{\"sessionId\":\"921a8b06-4146-4496-a809-0e08a9637d86\",\"status\":0,\"value\":{\"statusBar\":0}}"
[debug] &amp#27;[35m[WD Proxy]&amp#27;[39m Matched '/window/current/size' to command name 'getWindowSize'
[debug] &amp#27;[35m[WD Proxy]&amp#27;[39m Proxying [GET /window/current/size] to [GET http://localhost:8209/wd/hub/session/921a8b06-4146-4496-a809-0e08a9637d86/window/current/size] with body: {}
[debug] &amp#27;[35m[WD Proxy]&amp#27;[39m Got response with status 200: "{\"sessionId\":\"921a8b06-4146-4496-a809-0e08a9637d86\",\"status\":0,\"value\":{\"height\":1080,\"width\":1920}}"
&amp#27;[35m[Appium]&amp#27;[39m New AndroidUiautomator2Driver session created successfully, session 6753ef3d-0727-4e8a-b8c4-ab98740d4887 added to master session list
[debug] &amp#27;[35m[BaseDriver]&amp#27;[39m Event 'newSessionStarted' logged at 1571058498978 (16:08:18 GMT+0300 (GMT+03:00))
[debug] &amp#27;[35m[W3C (6753ef3d)]&amp#27;[39m Cached the protocol value 'W3C' for the new session 6753ef3d-0727-4e8a-b8c4-ab98740d4887
[debug] &amp#27;[35m[W3C (6753ef3d)]&amp#27;[39m Responding to client with driver.createSession() result: {"capabilities":{"platform":"LINUX","webStorageEnabled":false,"takesScreenshot":true,"javascriptEnabled":true,"databaseEnabled":false,"networkConnectionEnabled":true,"locationContextEnabled":false,"warnings":{},"desired":{"platformName":"android","appActivity":"com.onoapps.cellcomtv.activities.SplashActivity","appPackage":"com.cellcom.cellcom_tv.stb","automationName":"uiautomator2","deviceName":"GZ18120115200028","newCommandTimeout":60,"noReset":true,"udid":"GZ18120115200028"},"platformName":"android","appActivity":"com.onoapps.cellcomtv.activities.SplashActivity","appPackage":"com.cellcom.cellcom_tv.stb","automationName":"uiautomator2","deviceName":"GZ18120115200028","newCommandTimeout":60,"noReset":true,"udid":"GZ18120115200028","deviceUDID":"GZ18120115200028","deviceApiLevel":28,"platformVersion":"9","deviceScreenSize":"1920x1080","deviceScreenDensity":320,"deviceModel":"SEI-S905X2","deviceManufacturer":"SEI Robotics","pixelRatio":2,"statBarHeight":0,"viewportRect":{"left":0,"top":0,"width":1920,"height...
&amp#27;[35m[HTTP]&amp#27;[39m &amp#27;[37m<-- POST /wd/hub/session &amp#27;[39m&amp#27;[32m200&amp#27;[39m &amp#27;[90m13591 ms - 1091&amp#27;[39m
&amp#27;[35m[HTTP]&amp#27;[39m &amp#27;[90m&amp#27;[39m
&amp#27;[35m[HTTP]&amp#27;[39m &amp#27;[37m-->&amp#27;[39m &amp#27;[37mGET&amp#27;[39m &amp#27;[37m/wd/hub/session/6753ef3d-0727-4e8a-b8c4-ab98740d4887&amp#27;[39m
&amp#27;[35m[HTTP]&amp#27;[39m &amp#27;[90m{}&amp#27;[39m
[debug] &amp#27;[35m[W3C (6753ef3d)]&amp#27;[39m Calling AppiumDriver.getSession() with args: ["6753ef3d-0727-4e8a-b8c4-ab98740d4887"]
[debug] &amp#27;[35m[UiAutomator2]&amp#27;[39m Getting session details from server to mix in
[debug] &amp#27;[35m[WD Proxy]&amp#27;[39m Matched '/' to command name 'getSession'
[debug] &amp#27;[35m[WD Proxy]&amp#27;[39m Proxying [GET /] to [GET http://localhost:8209/wd/hub/session/921a8b06-4146-4496-a809-0e08a9637d86] with body: {}
[debug] &amp#27;[35m[WD Proxy]&amp#27;[39m Got response with status 200: "{\"sessionId\":\"921a8b06-4146-4496-a809-0e08a9637d86\",\"status\":0,\"value\":{}}"
[debug] &amp#27;[35m[W3C (6753ef3d)]&amp#27;[39m Responding to client with driver.getSession() result: {"platform":"LINUX","webStorageEnabled":false,"takesScreenshot":true,"javascriptEnabled":true,"databaseEnabled":false,"networkConnectionEnabled":true,"locationContextEnabled":false,"warnings":{},"desired":{"platformName":"android","appActivity":"com.onoapps.cellcomtv.activities.SplashActivity","appPackage":"com.cellcom.cellcom_tv.stb","automationName":"uiautomator2","deviceName":"GZ18120115200028","newCommandTimeout":60,"noReset":true,"udid":"GZ18120115200028"},"platformName":"android","appActivity":"com.onoapps.cellcomtv.activities.SplashActivity","appPackage":"com.cellcom.cellcom_tv.stb","automationName":"uiautomator2","deviceName":"GZ18120115200028","newCommandTimeout":60,"noReset":true,"udid":"GZ18120115200028","deviceUDID":"GZ18120115200028","deviceApiLevel":28,"platformVersion":"9","deviceScreenSize":"1920x1080","deviceScreenDensity":320,"deviceModel":"SEI-S905X2","deviceManufacturer":"SEI Robotics","pixelRatio":2,"statBarHeight":0,"viewportRect":{"left":0,"top":0,"width":1920,"height":1080}}
&amp#27;[35m[HTTP]&amp#27;[39m &amp#27;[37m<-- GET /wd/hub/session/6753ef3d-0727-4e8a-b8c4-ab98740d4887 &amp#27;[39m&amp#27;[32m200&amp#27;[39m &amp#27;[90m108 ms - 1023&amp#27;[39m
&amp#27;[35m[HTTP]&amp#27;[39m &amp#27;[90m&amp#27;[39m
&amp#27;[35m[HTTP]&amp#27;[39m &amp#27;[37m-->&amp#27;[39m &amp#27;[37mGET&amp#27;[39m &amp#27;[37m/wd/hub/session/6753ef3d-0727-4e8a-b8c4-ab98740d4887&amp#27;[39m
&amp#27;[35m[HTTP]&amp#27;[39m &amp#27;[90m{}&amp#27;[39m
[debug] &amp#27;[35m[W3C (6753ef3d)]&amp#27;[39m Calling AppiumDriver.getSession() with args: ["6753ef3d-0727-4e8a-b8c4-ab98740d4887"]
[debug] &amp#27;[35m[UiAutomator2]&amp#27;[39m Getting session details from server to mix in
[debug] &amp#27;[35m[WD Proxy]&amp#27;[39m Matched '/' to command name 'getSession'
[debug] &amp#27;[35m[WD Proxy]&amp#27;[39m Proxying [GET /] to [GET http://localhost:8209/wd/hub/session/921a8b06-4146-4496-a809-0e08a9637d86] with body: {}
[debug] &amp#27;[35m[WD Proxy]&amp#27;[39m Got response with status 200: "{\"sessionId\":\"921a8b06-4146-4496-a809-0e08a9637d86\",\"status\":0,\"value\":{}}"
[debug] &amp#27;[35m[W3C (6753ef3d)]&amp#27;[39m Responding to client with driver.getSession() result: {"platform":"LINUX","webStorageEnabled":false,"takesScreenshot":true,"javascriptEnabled":true,"databaseEnabled":false,"networkConnectionEnabled":true,"locationContextEnabled":false,"warnings":{},"desired":{"platformName":"android","appActivity":"com.onoapps.cellcomtv.activities.SplashActivity","appPackage":"com.cellcom.cellcom_tv.stb","automationName":"uiautomator2","deviceName":"GZ18120115200028","newCommandTimeout":60,"noReset":true,"udid":"GZ18120115200028"},"platformName":"android","appActivity":"com.onoapps.cellcomtv.activities.SplashActivity","appPackage":"com.cellcom.cellcom_tv.stb","automationName":"uiautomator2","deviceName":"GZ18120115200028","newCommandTimeout":60,"noReset":true,"udid":"GZ18120115200028","deviceUDID":"GZ18120115200028","deviceApiLevel":28,"platformVersion":"9","deviceScreenSize":"1920x1080","deviceScreenDensity":320,"deviceModel":"SEI-S905X2","deviceManufacturer":"SEI Robotics","pixelRatio":2,"statBarHeight":0,"viewportRect":{"left":0,"top":0,"width":1920,"height":1080}}
&amp#27;[35m[HTTP]&amp#27;[39m &amp#27;[37m<-- GET /wd/hub/session/6753ef3d-0727-4e8a-b8c4-ab98740d4887 &amp#27;[39m&amp#27;[32m200&amp#27;[39m &amp#27;[90m45 ms - 1023&amp#27;[39m
&amp#27;[35m[HTTP]&amp#27;[39m &amp#27;[90m&amp#27;[39m
&amp#27;[35m[HTTP]&amp#27;[39m &amp#27;[37m-->&amp#27;[39m &amp#27;[37mPOST&amp#27;[39m &amp#27;[37m/wd/hub/session/6753ef3d-0727-4e8a-b8c4-ab98740d4887/timeouts&amp#27;[39m
&amp#27;[35m[HTTP]&amp#27;[39m &amp#27;[90m{"implicit":10000}&amp#27;[39m
[debug] &amp#27;[35m[W3C (6753ef3d)]&amp#27;[39m Calling AppiumDriver.timeouts() with args: [null,null,null,null,10000,"6753ef3d-0727-4e8a-b8c4-ab98740d4887"]
[debug] &amp#27;[35m[BaseDriver]&amp#27;[39m W3C timeout argument: {"implicit":10000}}
[debug] &amp#27;[35m[BaseDriver]&amp#27;[39m Set implicit wait to 10000ms
[debug] &amp#27;[35m[W3C (6753ef3d)]&amp#27;[39m Responding to client with driver.timeouts() result: null
&amp#27;[35m[HTTP]&amp#27;[39m &amp#27;[37m<-- POST /wd/hub/session/6753ef3d-0727-4e8a-b8c4-ab98740d4887/timeouts &amp#27;[39m&amp#27;[32m200&amp#27;[39m &amp#27;[90m9 ms - 14&amp#27;[39m
&amp#27;[35m[HTTP]&amp#27;[39m &amp#27;[90m&amp#27;[39m
&amp#27;[35m[HTTP]&amp#27;[39m &amp#27;[37m-->&amp#27;[39m &amp#27;[37mPOST&amp#27;[39m &amp#27;[37m/wd/hub/session/6753ef3d-0727-4e8a-b8c4-ab98740d4887/appium/device/press_keycode&amp#27;[39m
&amp#27;[35m[HTTP]&amp#27;[39m &amp#27;[90m{"keycode":20}&amp#27;[39m
[debug] &amp#27;[35m[W3C (6753ef3d)]&amp#27;[39m Calling AppiumDriver.pressKeyCode() with args: [20,null,null,null,null,"6753ef3d-0727-4e8a-b8c4-ab98740d4887"]
[debug] &amp#27;[35m[WD Proxy]&amp#27;[39m Matched '/appium/device/press_keycode' to command name 'pressKeyCode'
[debug] &amp#27;[35m[WD Proxy]&amp#27;[39m Proxying [POST /appium/device/press_keycode] to [POST http://localhost:8209/wd/hub/session/921a8b06-4146-4496-a809-0e08a9637d86/appium/device/press_keycode] with body: {"keycode":20,"metastate":null,"flags":null}
[debug] &amp#27;[35m[WD Proxy]&amp#27;[39m Got response with status 200: {"sessionId":"921a8b06-4146-4496-a809-0e08a9637d86","status":0,"value":true}
[debug] &amp#27;[35m[W3C (6753ef3d)]&amp#27;[39m Responding to client with driver.pressKeyCode() result: true
&amp#27;[35m[HTTP]&amp#27;[39m &amp#27;[37m<-- POST /wd/hub/session/6753ef3d-0727-4e8a-b8c4-ab98740d4887/appium/device/press_keycode &amp#27;[39m&amp#27;[32m200&amp#27;[39m &amp#27;[90m114 ms - 14&amp#27;[39m
&amp#27;[35m[HTTP]&amp#27;[39m &amp#27;[90m&amp#27;[39m
&amp#27;[35m[HTTP]&amp#27;[39m &amp#27;[37m-->&amp#27;[39m &amp#27;[37mPOST&amp#27;[39m &amp#27;[37m/wd/hub/session/6753ef3d-0727-4e8a-b8c4-ab98740d4887/appium/device/press_keycode&amp#27;[39m
&amp#27;[35m[HTTP]&amp#27;[39m &amp#27;[90m{"keycode":21}&amp#27;[39m
[debug] &amp#27;[35m[W3C (6753ef3d)]&amp#27;[39m Calling AppiumDriver.pressKeyCode() with args: [21,null,null,null,null,"6753ef3d-0727-4e8a-b8c4-ab98740d4887"]
[debug] &amp#27;[35m[WD Proxy]&amp#27;[39m Matched '/appium/device/press_keycode' to command name 'pressKeyCode'
[debug] &amp#27;[35m[WD Proxy]&amp#27;[39m Proxying [POST /appium/device/press_keycode] to [POST http://localhost:8209/wd/hub/session/921a8b06-4146-4496-a809-0e08a9637d86/appium/device/press_keycode] with body: {"keycode":21,"metastate":null,"flags":null}
[debug] &amp#27;[35m[WD Proxy]&amp#27;[39m Got response with status 200: {"sessionId":"921a8b06-4146-4496-a809-0e08a9637d86","status":0,"value":true}
[debug] &amp#27;[35m[W3C (6753ef3d)]&amp#27;[39m Responding to client with driver.pressKeyCode() result: true
&amp#27;[35m[HTTP]&amp#27;[39m &amp#27;[37m<-- POST /wd/hub/session/6753ef3d-0727-4e8a-b8c4-ab98740d4887/appium/device/press_keycode &amp#27;[39m&amp#27;[32m200&amp#27;[39m &amp#27;[90m826 ms - 14&amp#27;[39m
&amp#27;[35m[HTTP]&amp#27;[39m &amp#27;[90m&amp#27;[39m
&amp#27;[35m[HTTP]&amp#27;[39m &amp#27;[37m-->&amp#27;[39m &amp#27;[37mPOST&amp#27;[39m &amp#27;[37m/wd/hub/session/6753ef3d-0727-4e8a-b8c4-ab98740d4887/appium/device/press_keycode&amp#27;[39m
&amp#27;[35m[HTTP]&amp#27;[39m &amp#27;[90m{"keycode":21}&amp#27;[39m
[debug] &amp#27;[35m[W3C (6753ef3d)]&amp#27;[39m Calling AppiumDriver.pressKeyCode() with args: [21,null,null,null,null,"6753ef3d-0727-4e8a-b8c4-ab98740d4887"]
[debug] &amp#27;[35m[WD Proxy]&amp#27;[39m Matched '/appium/device/press_keycode' to command name 'pressKeyCode'
[debug] &amp#27;[35m[WD Proxy]&amp#27;[39m Proxying [POST /appium/device/press_keycode] to [POST http://localhost:8209/wd/hub/session/921a8b06-4146-4496-a809-0e08a9637d86/appium/device/press_keycode] with body: {"keycode":21,"metastate":null,"flags":null}
[debug] &amp#27;[35m[WD Proxy]&amp#27;[39m Got response with status 200: {"sessionId":"921a8b06-4146-4496-a809-0e08a9637d86","status":0,"value":true}
[debug] &amp#27;[35m[W3C (6753ef3d)]&amp#27;[39m Responding to client with driver.pressKeyCode() result: true
&amp#27;[35m[HTTP]&amp#27;[39m &amp#27;[37m<-- POST /wd/hub/session/6753ef3d-0727-4e8a-b8c4-ab98740d4887/appium/device/press_keycode &amp#27;[39m&amp#27;[32m200&amp#27;[39m &amp#27;[90m359 ms - 14&amp#27;[39m
&amp#27;[35m[HTTP]&amp#27;[39m &amp#27;[90m&amp#27;[39m
&amp#27;[35m[HTTP]&amp#27;[39m &amp#27;[37m-->&amp#27;[39m &amp#27;[37mPOST&amp#27;[39m &amp#27;[37m/wd/hub/session/6753ef3d-0727-4e8a-b8c4-ab98740d4887/appium/device/press_keycode&amp#27;[39m
&amp#27;[35m[HTTP]&amp#27;[39m &amp#27;[90m{"keycode":21}&amp#27;[39m
[debug] &amp#27;[35m[W3C (6753ef3d)]&amp#27;[39m Calling AppiumDriver.pressKeyCode() with args: [21,null,null,null,null,"6753ef3d-0727-4e8a-b8c4-ab98740d4887"]
[debug] &amp#27;[35m[WD Proxy]&amp#27;[39m Matched '/appium/device/press_keycode' to command name 'pressKeyCode'
[debug] &amp#27;[35m[WD Proxy]&amp#27;[39m Proxying [POST /appium/device/press_keycode] to [POST http://localhost:8209/wd/hub/session/921a8b06-4146-4496-a809-0e08a9637d86/appium/device/press_keycode] with body: {"keycode":21,"metastate":null,"flags":null}
[debug] &amp#27;[35m[WD Proxy]&amp#27;[39m Got response with status 200: {"sessionId":"921a8b06-4146-4496-a809-0e08a9637d86","status":0,"value":true}
[debug] &amp#27;[35m[W3C (6753ef3d)]&amp#27;[39m Responding to client with driver.pressKeyCode() result: true
&amp#27;[35m[HTTP]&amp#27;[39m &amp#27;[37m<-- POST /wd/hub/session/6753ef3d-0727-4e8a-b8c4-ab98740d4887/appium/device/press_keycode &amp#27;[39m&amp#27;[32m200&amp#27;[39m &amp#27;[90m234 ms - 14&amp#27;[39m
&amp#27;[35m[HTTP]&amp#27;[39m &amp#27;[90m&amp#27;[39m
&amp#27;[35m[HTTP]&amp#27;[39m &amp#27;[37m-->&amp#27;[39m &amp#27;[37mPOST&amp#27;[39m &amp#27;[37m/wd/hub/session/6753ef3d-0727-4e8a-b8c4-ab98740d4887/appium/device/press_keycode&amp#27;[39m
&amp#27;[35m[HTTP]&amp#27;[39m &amp#27;[90m{"keycode":21}&amp#27;[39m
[debug] &amp#27;[35m[W3C (6753ef3d)]&amp#27;[39m Calling AppiumDriver.pressKeyCode() with args: [21,null,null,null,null,"6753ef3d-0727-4e8a-b8c4-ab98740d4887"]
[debug] &amp#27;[35m[WD Proxy]&amp#27;[39m Matched '/appium/device/press_keycode' to command name 'pressKeyCode'
[debug] &amp#27;[35m[WD Proxy]&amp#27;[39m Proxying [POST /appium/device/press_keycode] to [POST http://localhost:8209/wd/hub/session/921a8b06-4146-4496-a809-0e08a9637d86/appium/device/press_keycode] with body: {"keycode":21,"metastate":null,"flags":null}
[debug] &amp#27;[35m[WD Proxy]&amp#27;[39m Got response with status 200: {"sessionId":"921a8b06-4146-4496-a809-0e08a9637d86","status":0,"value":true}
[debug] &amp#27;[35m[W3C (6753ef3d)]&amp#27;[39m Responding to client with driver.pressKeyCode() result: true
&amp#27;[35m[HTTP]&amp#27;[39m &amp#27;[37m<-- POST /wd/hub/session/6753ef3d-0727-4e8a-b8c4-ab98740d4887/appium/device/press_keycode &amp#27;[39m&amp#27;[32m200&amp#27;[39m &amp#27;[90m346 ms - 14&amp#27;[39m
&amp#27;[35m[HTTP]&amp#27;[39m &amp#27;[90m&amp#27;[39m
&amp#27;[35m[HTTP]&amp#27;[39m &amp#27;[37m-->&amp#27;[39m &amp#27;[37mPOST&amp#27;[39m &amp#27;[37m/wd/hub/session/6753ef3d-0727-4e8a-b8c4-ab98740d4887/appium/device/press_keycode&amp#27;[39m
&amp#27;[35m[HTTP]&amp#27;[39m &amp#27;[90m{"keycode":23}&amp#27;[39m
[debug] &amp#27;[35m[W3C (6753ef3d)]&amp#27;[39m Calling AppiumDriver.pressKeyCode() with args: [23,null,null,null,null,"6753ef3d-0727-4e8a-b8c4-ab98740d4887"]
[debug] &amp#27;[35m[WD Proxy]&amp#27;[39m Matched '/appium/device/press_keycode' to command name 'pressKeyCode'
[debug] &amp#27;[35m[WD Proxy]&amp#27;[39m Proxying [POST /appium/device/press_keycode] to [POST http://localhost:8209/wd/hub/session/921a8b06-4146-4496-a809-0e08a9637d86/appium/device/press_keycode] with body: {"keycode":23,"metastate":null,"flags":null}
[debug] &amp#27;[35m[WD Proxy]&amp#27;[39m Got response with status 200: {"sessionId":"921a8b06-4146-4496-a809-0e08a9637d86","status":0,"value":true}
[debug] &amp#27;[35m[W3C (6753ef3d)]&amp#27;[39m Responding to client with driver.pressKeyCode() result: true
&amp#27;[35m[HTTP]&amp#27;[39m &amp#27;[37m<-- POST /wd/hub/session/6753ef3d-0727-4e8a-b8c4-ab98740d4887/appium/device/press_keycode &amp#27;[39m&amp#27;[32m200&amp#27;[39m &amp#27;[90m329 ms - 14&amp#27;[39m
&amp#27;[35m[HTTP]&amp#27;[39m &amp#27;[90m&amp#27;[39m
&amp#27;[35m[HTTP]&amp#27;[39m &amp#27;[37m-->&amp#27;[39m &amp#27;[37mPOST&amp#27;[39m &amp#27;[37m/wd/hub/session/6753ef3d-0727-4e8a-b8c4-ab98740d4887/element&amp#27;[39m
&amp#27;[35m[HTTP]&amp#27;[39m &amp#27;[90m{"using":"id","value":"com.android.vending:id/title_badge"}&amp#27;[39m
[debug] &amp#27;[35m[W3C (6753ef3d)]&amp#27;[39m Calling AppiumDriver.findElement() with args: ["id","com.android.vending:id/title_badge","6753ef3d-0727-4e8a-b8c4-ab98740d4887"]
[debug] &amp#27;[35m[BaseDriver]&amp#27;[39m Valid locator strategies for this request: xpath, id, class name, accessibility id, -android uiautomator
[debug] &amp#27;[35m[BaseDriver]&amp#27;[39m Waiting up to 10000 ms for condition
[debug] &amp#27;[35m[WD Proxy]&amp#27;[39m Matched '/element' to command name 'findElement'
[debug] &amp#27;[35m[WD Proxy]&amp#27;[39m Proxying [POST /element] to [POST http://localhost:8209/wd/hub/session/921a8b06-4146-4496-a809-0e08a9637d86/element] with body: {"strategy":"id","selector":"com.android.vending:id/title_badge","context":"","multiple":false}
[debug] &amp#27;[35m[WD Proxy]&amp#27;[39m Got response with status 200: {"sessionId":"921a8b06-4146-4496-a809-0e08a9637d86","status":0,"value":{"ELEMENT":"b9f9e25f-4e75-47d8-94ed-79b41db81c30"}}
[debug] &amp#27;[35m[W3C (6753ef3d)]&amp#27;[39m Responding to client with driver.findElement() result: {"element-6066-11e4-a52e-4f735466cecf":"b9f9e25f-4e75-47d8-94ed-79b41db81c30","ELEMENT":"b9f9e25f-4e75-47d8-94ed-79b41db81c30"}
&amp#27;[35m[HTTP]&amp#27;[39m &amp#27;[37m<-- POST /wd/hub/session/6753ef3d-0727-4e8a-b8c4-ab98740d4887/element &amp#27;[39m&amp#27;[32m200&amp#27;[39m &amp#27;[90m214 ms - 137&amp#27;[39m
&amp#27;[35m[HTTP]&amp#27;[39m &amp#27;[90m&amp#27;[39m
&amp#27;[35m[HTTP]&amp#27;[39m &amp#27;[37m-->&amp#27;[39m &amp#27;[37mGET&amp#27;[39m &amp#27;[37m/wd/hub/session/6753ef3d-0727-4e8a-b8c4-ab98740d4887/element/b9f9e25f-4e75-47d8-94ed-79b41db81c30/displayed&amp#27;[39m
&amp#27;[35m[HTTP]&amp#27;[39m &amp#27;[90m{}&amp#27;[39m
[debug] &amp#27;[35m[W3C (6753ef3d)]&amp#27;[39m Calling AppiumDriver.elementDisplayed() with args: ["b9f9e25f-4e75-47d8-94ed-79b41db81c30","6753ef3d-0727-4e8a-b8c4-ab98740d4887"]
[debug] &amp#27;[35m[WD Proxy]&amp#27;[39m Matched '/element/b9f9e25f-4e75-47d8-94ed-79b41db81c30/attribute/displayed' to command name 'getAttribute'
[debug] &amp#27;[35m[WD Proxy]&amp#27;[39m Proxying [GET /element/b9f9e25f-4e75-47d8-94ed-79b41db81c30/attribute/displayed] to [GET http://localhost:8209/wd/hub/session/921a8b06-4146-4496-a809-0e08a9637d86/element/b9f9e25f-4e75-47d8-94ed-79b41db81c30/attribute/displayed] with body: {}
[debug] &amp#27;[35m[WD Proxy]&amp#27;[39m Got response with status 200: "{\"sessionId\":\"921a8b06-4146-4496-a809-0e08a9637d86\",\"status\":0,\"value\":\"true\"}"
[debug] &amp#27;[35m[W3C (6753ef3d)]&amp#27;[39m Responding to client with driver.elementDisplayed() result: true
&amp#27;[35m[HTTP]&amp#27;[39m &amp#27;[37m<-- GET /wd/hub/session/6753ef3d-0727-4e8a-b8c4-ab98740d4887/element/b9f9e25f-4e75-47d8-94ed-79b41db81c30/displayed &amp#27;[39m&amp#27;[32m200&amp#27;[39m &amp#27;[90m48 ms - 14&amp#27;[39m
&amp#27;[35m[HTTP]&amp#27;[39m &amp#27;[90m&amp#27;[39m
&amp#27;[35m[HTTP]&amp#27;[39m &amp#27;[37m-->&amp#27;[39m &amp#27;[37mPOST&amp#27;[39m &amp#27;[37m/wd/hub/session/6753ef3d-0727-4e8a-b8c4-ab98740d4887/element&amp#27;[39m
&amp#27;[35m[HTTP]&amp#27;[39m &amp#27;[90m{"using":"xpath","value":"//android.support.v7.widget.RecyclerView[@content-desc=\"Navigation menu\"]/android.widget.FrameLayout[1]/android.widget.TextView"}&amp#27;[39m
[debug] &amp#27;[35m[W3C (6753ef3d)]&amp#27;[39m Calling AppiumDriver.findElement() with args: ["xpath","//android.support.v7.widget.RecyclerView[@content-desc=\"Navigation menu\"]/android.widget.FrameLayout[1]/android.widget.TextView","6753ef3d-0727-4e8a-b8c4-ab98740d4887"]
[debug] &amp#27;[35m[BaseDriver]&amp#27;[39m Valid locator strategies for this request: xpath, id, class name, accessibility id, -android uiautomator
[debug] &amp#27;[35m[BaseDriver]&amp#27;[39m Waiting up to 10000 ms for condition
[debug] &amp#27;[35m[WD Proxy]&amp#27;[39m Matched '/element' to command name 'findElement'
[debug] &amp#27;[35m[WD Proxy]&amp#27;[39m Proxying [POST /element] to [POST http://localhost:8209/wd/hub/session/921a8b06-4146-4496-a809-0e08a9637d86/element] with body: {"strategy":"xpath","selector":"//android.support.v7.widget.RecyclerView[@content-desc=\"Navigation menu\"]/android.widget.FrameLayout[1]/android.widget.TextView","context":"","multiple":false}
[debug] &amp#27;[35m[WD Proxy]&amp#27;[39m Got response with status 200: {"sessionId":"921a8b06-4146-4496-a809-0e08a9637d86","status":0,"value":{"ELEMENT":"4f8343c6-acd1-400b-85e6-0c2c622974b0"}}
[debug] &amp#27;[35m[W3C (6753ef3d)]&amp#27;[39m Responding to client with driver.findElement() result: {"element-6066-11e4-a52e-4f735466cecf":"4f8343c6-acd1-400b-85e6-0c2c622974b0","ELEMENT":"4f8343c6-acd1-400b-85e6-0c2c622974b0"}
&amp#27;[35m[HTTP]&amp#27;[39m &amp#27;[37m<-- POST /wd/hub/session/6753ef3d-0727-4e8a-b8c4-ab98740d4887/element &amp#27;[39m&amp#27;[32m200&amp#27;[39m &amp#27;[90m1585 ms - 137&amp#27;[39m
&amp#27;[35m[HTTP]&amp#27;[39m &amp#27;[90m&amp#27;[39m
&amp#27;[35m[HTTP]&amp#27;[39m &amp#27;[37m-->&amp#27;[39m &amp#27;[37mGET&amp#27;[39m &amp#27;[37m/wd/hub/session/6753ef3d-0727-4e8a-b8c4-ab98740d4887/element/4f8343c6-acd1-400b-85e6-0c2c622974b0/displayed&amp#27;[39m
&amp#27;[35m[HTTP]&amp#27;[39m &amp#27;[90m{}&amp#27;[39m
[debug] &amp#27;[35m[W3C (6753ef3d)]&amp#27;[39m Calling AppiumDriver.elementDisplayed() with args: ["4f8343c6-acd1-400b-85e6-0c2c622974b0","6753ef3d-0727-4e8a-b8c4-ab98740d4887"]
[debug] &amp#27;[35m[WD Proxy]&amp#27;[39m Matched '/element/4f8343c6-acd1-400b-85e6-0c2c622974b0/attribute/displayed' to command name 'getAttribute'
[debug] &amp#27;[35m[WD Proxy]&amp#27;[39m Proxying [GET /element/4f8343c6-acd1-400b-85e6-0c2c622974b0/attribute/displayed] to [GET http://localhost:8209/wd/hub/session/921a8b06-4146-4496-a809-0e08a9637d86/element/4f8343c6-acd1-400b-85e6-0c2c622974b0/attribute/displayed] with body: {}
[debug] &amp#27;[35m[WD Proxy]&amp#27;[39m Got response with status 200: "{\"sessionId\":\"921a8b06-4146-4496-a809-0e08a9637d86\",\"status\":0,\"value\":\"true\"}"
[debug] &amp#27;[35m[W3C (6753ef3d)]&amp#27;[39m Responding to client with driver.elementDisplayed() result: true
&amp#27;[35m[HTTP]&amp#27;[39m &amp#27;[37m<-- GET /wd/hub/session/6753ef3d-0727-4e8a-b8c4-ab98740d4887/element/4f8343c6-acd1-400b-85e6-0c2c622974b0/displayed &amp#27;[39m&amp#27;[32m200&amp#27;[39m &amp#27;[90m40 ms - 14&amp#27;[39m
&amp#27;[35m[HTTP]&amp#27;[39m &amp#27;[90m&amp#27;[39m
&amp#27;[35m[HTTP]&amp#27;[39m &amp#27;[37m-->&amp#27;[39m &amp#27;[37mPOST&amp#27;[39m &amp#27;[37m/wd/hub/session/6753ef3d-0727-4e8a-b8c4-ab98740d4887/element&amp#27;[39m
&amp#27;[35m[HTTP]&amp#27;[39m &amp#27;[90m{"using":"xpath","value":"//android.support.v7.widget.RecyclerView[@content-desc=\"Navigation menu\"]/android.widget.FrameLayout[2]/android.widget.TextView"}&amp#27;[39m
[debug] &amp#27;[35m[W3C (6753ef3d)]&amp#27;[39m Calling AppiumDriver.findElement() with args: ["xpath","//android.support.v7.widget.RecyclerView[@content-desc=\"Navigation menu\"]/android.widget.FrameLayout[2]/android.widget.TextView","6753ef3d-0727-4e8a-b8c4-ab98740d4887"]
[debug] &amp#27;[35m[BaseDriver]&amp#27;[39m Valid locator strategies for this request: xpath, id, class name, accessibility id, -android uiautomator
[debug] &amp#27;[35m[BaseDriver]&amp#27;[39m Waiting up to 10000 ms for condition
[debug] &amp#27;[35m[WD Proxy]&amp#27;[39m Matched '/element' to command name 'findElement'
[debug] &amp#27;[35m[WD Proxy]&amp#27;[39m Proxying [POST /element] to [POST http://localhost:8209/wd/hub/session/921a8b06-4146-4496-a809-0e08a9637d86/element] with body: {"strategy":"xpath","selector":"//android.support.v7.widget.RecyclerView[@content-desc=\"Navigation menu\"]/android.widget.FrameLayout[2]/android.widget.TextView","context":"","multiple":false}
[debug] &amp#27;[35m[WD Proxy]&amp#27;[39m Got response with status 200: {"sessionId":"921a8b06-4146-4496-a809-0e08a9637d86","status":0,"value":{"ELEMENT":"733087de-ece2-4646-8b09-de92afea9bb9"}}
[debug] &amp#27;[35m[W3C (6753ef3d)]&amp#27;[39m Responding to client with driver.findElement() result: {"element-6066-11e4-a52e-4f735466cecf":"733087de-ece2-4646-8b09-de92afea9bb9","ELEMENT":"733087de-ece2-4646-8b09-de92afea9bb9"}
&amp#27;[35m[HTTP]&amp#27;[39m &amp#27;[37m<-- POST /wd/hub/session/6753ef3d-0727-4e8a-b8c4-ab98740d4887/element &amp#27;[39m&amp#27;[32m200&amp#27;[39m &amp#27;[90m1043 ms - 137&amp#27;[39m
&amp#27;[35m[HTTP]&amp#27;[39m &amp#27;[90m&amp#27;[39m
&amp#27;[35m[HTTP]&amp#27;[39m &amp#27;[37m-->&amp#27;[39m &amp#27;[37mGET&amp#27;[39m &amp#27;[37m/wd/hub/session/6753ef3d-0727-4e8a-b8c4-ab98740d4887/element/733087de-ece2-4646-8b09-de92afea9bb9/displayed&amp#27;[39m
&amp#27;[35m[HTTP]&amp#27;[39m &amp#27;[90m{}&amp#27;[39m
[debug] &amp#27;[35m[W3C (6753ef3d)]&amp#27;[39m Calling AppiumDriver.elementDisplayed() with args: ["733087de-ece2-4646-8b09-de92afea9bb9","6753ef3d-0727-4e8a-b8c4-ab98740d4887"]
[debug] &amp#27;[35m[WD Proxy]&amp#27;[39m Matched '/element/733087de-ece2-4646-8b09-de92afea9bb9/attribute/displayed' to command name 'getAttribute'
[debug] &amp#27;[35m[WD Proxy]&amp#27;[39m Proxying [GET /element/733087de-ece2-4646-8b09-de92afea9bb9/attribute/displayed] to [GET http://localhost:8209/wd/hub/session/921a8b06-4146-4496-a809-0e08a9637d86/element/733087de-ece2-4646-8b09-de92afea9bb9/attribute/displayed] with body: {}
[debug] &amp#27;[35m[WD Proxy]&amp#27;[39m Got response with status 200: "{\"sessionId\":\"921a8b06-4146-4496-a809-0e08a9637d86\",\"status\":0,\"value\":\"true\"}"
[debug] &amp#27;[35m[W3C (6753ef3d)]&amp#27;[39m Responding to client with driver.elementDisplayed() result: true
&amp#27;[35m[HTTP]&amp#27;[39m &amp#27;[37m<-- GET /wd/hub/session/6753ef3d-0727-4e8a-b8c4-ab98740d4887/element/733087de-ece2-4646-8b09-de92afea9bb9/displayed &amp#27;[39m&amp#27;[32m200&amp#27;[39m &amp#27;[90m36 ms - 14&amp#27;[39m
&amp#27;[35m[HTTP]&amp#27;[39m &amp#27;[90m&amp#27;[39m
&amp#27;[35m[HTTP]&amp#27;[39m &amp#27;[37m-->&amp#27;[39m &amp#27;[37mPOST&amp#27;[39m &amp#27;[37m/wd/hub/session/6753ef3d-0727-4e8a-b8c4-ab98740d4887/element&amp#27;[39m
&amp#27;[35m[HTTP]&amp#27;[39m &amp#27;[90m{"using":"xpath","value":"//android.support.v7.widget.RecyclerView[@content-desc=\"Navigation menu\"]/android.widget.FrameLayout[3]/android.widget.TextView"}&amp#27;[39m
[debug] &amp#27;[35m[W3C (6753ef3d)]&amp#27;[39m Calling AppiumDriver.findElement() with args: ["xpath","//android.support.v7.widget.RecyclerView[@content-desc=\"Navigation menu\"]/android.widget.FrameLayout[3]/android.widget.TextView","6753ef3d-0727-4e8a-b8c4-ab98740d4887"]
[debug] &amp#27;[35m[BaseDriver]&amp#27;[39m Valid locator strategies for this request: xpath, id, class name, accessibility id, -android uiautomator
[debug] &amp#27;[35m[BaseDriver]&amp#27;[39m Waiting up to 10000 ms for condition
[debug] &amp#27;[35m[WD Proxy]&amp#27;[39m Matched '/element' to command name 'findElement'
[debug] &amp#27;[35m[WD Proxy]&amp#27;[39m Proxying [POST /element] to [POST http://localhost:8209/wd/hub/session/921a8b06-4146-4496-a809-0e08a9637d86/element] with body: {"strategy":"xpath","selector":"//android.support.v7.widget.RecyclerView[@content-desc=\"Navigation menu\"]/android.widget.FrameLayout[3]/android.widget.TextView","context":"","multiple":false}
[debug] &amp#27;[35m[WD Proxy]&amp#27;[39m Got response with status 200: {"sessionId":"921a8b06-4146-4496-a809-0e08a9637d86","status":0,"value":{"ELEMENT":"4cee2460-c78f-4c4f-a2b6-e02ea22343fa"}}
[debug] &amp#27;[35m[W3C (6753ef3d)]&amp#27;[39m Responding to client with driver.findElement() result: {"element-6066-11e4-a52e-4f735466cecf":"4cee2460-c78f-4c4f-a2b6-e02ea22343fa","ELEMENT":"4cee2460-c78f-4c4f-a2b6-e02ea22343fa"}
&amp#27;[35m[HTTP]&amp#27;[39m &amp#27;[37m<-- POST /wd/hub/session/6753ef3d-0727-4e8a-b8c4-ab98740d4887/element &amp#27;[39m&amp#27;[32m200&amp#27;[39m &amp#27;[90m742 ms - 137&amp#27;[39m
&amp#27;[35m[HTTP]&amp#27;[39m &amp#27;[90m&amp#27;[39m
&amp#27;[35m[HTTP]&amp#27;[39m &amp#27;[37m-->&amp#27;[39m &amp#27;[37mGET&amp#27;[39m &amp#27;[37m/wd/hub/session/6753ef3d-0727-4e8a-b8c4-ab98740d4887/element/4cee2460-c78f-4c4f-a2b6-e02ea22343fa/displayed&amp#27;[39m
&amp#27;[35m[HTTP]&amp#27;[39m &amp#27;[90m{}&amp#27;[39m
[debug] &amp#27;[35m[W3C (6753ef3d)]&amp#27;[39m Calling AppiumDriver.elementDisplayed() with args: ["4cee2460-c78f-4c4f-a2b6-e02ea22343fa","6753ef3d-0727-4e8a-b8c4-ab98740d4887"]
[debug] &amp#27;[35m[WD Proxy]&amp#27;[39m Matched '/element/4cee2460-c78f-4c4f-a2b6-e02ea22343fa/attribute/displayed' to command name 'getAttribute'
[debug] &amp#27;[35m[WD Proxy]&amp#27;[39m Proxying [GET /element/4cee2460-c78f-4c4f-a2b6-e02ea22343fa/attribute/displayed] to [GET http://localhost:8209/wd/hub/session/921a8b06-4146-4496-a809-0e08a9637d86/element/4cee2460-c78f-4c4f-a2b6-e02ea22343fa/attribute/displayed] with body: {}
[debug] &amp#27;[35m[WD Proxy]&amp#27;[39m Got response with status 200: "{\"sessionId\":\"921a8b06-4146-4496-a809-0e08a9637d86\",\"status\":0,\"value\":\"true\"}"
[debug] &amp#27;[35m[W3C (6753ef3d)]&amp#27;[39m Responding to client with driver.elementDisplayed() result: true
&amp#27;[35m[HTTP]&amp#27;[39m &amp#27;[37m<-- GET /wd/hub/session/6753ef3d-0727-4e8a-b8c4-ab98740d4887/element/4cee2460-c78f-4c4f-a2b6-e02ea22343fa/displayed &amp#27;[39m&amp#27;[32m200&amp#27;[39m &amp#27;[90m38 ms - 14&amp#27;[39m
&amp#27;[35m[HTTP]&amp#27;[39m &amp#27;[90m&amp#27;[39m
&amp#27;[35m[HTTP]&amp#27;[39m &amp#27;[37m-->&amp#27;[39m &amp#27;[37mPOST&amp#27;[39m &amp#27;[37m/wd/hub/session/6753ef3d-0727-4e8a-b8c4-ab98740d4887/element&amp#27;[39m
&amp#27;[35m[HTTP]&amp#27;[39m &amp#27;[90m{"using":"xpath","value":"//android.support.v7.widget.RecyclerView[@content-desc=\"Navigation menu\"]/android.widget.FrameLayout[4]/android.widget.TextView"}&amp#27;[39m
[debug] &amp#27;[35m[W3C (6753ef3d)]&amp#27;[39m Calling AppiumDriver.findElement() with args: ["xpath","//android.support.v7.widget.RecyclerView[@content-desc=\"Navigation menu\"]/android.widget.FrameLayout[4]/android.widget.TextView","6753ef3d-0727-4e8a-b8c4-ab98740d4887"]
[debug] &amp#27;[35m[BaseDriver]&amp#27;[39m Valid locator strategies for this request: xpath, id, class name, accessibility id, -android uiautomator
[debug] &amp#27;[35m[BaseDriver]&amp#27;[39m Waiting up to 10000 ms for condition
[debug] &amp#27;[35m[WD Proxy]&amp#27;[39m Matched '/element' to command name 'findElement'
[debug] &amp#27;[35m[WD Proxy]&amp#27;[39m Proxying [POST /element] to [POST http://localhost:8209/wd/hub/session/921a8b06-4146-4496-a809-0e08a9637d86/element] with body: {"strategy":"xpath","selector":"//android.support.v7.widget.RecyclerView[@content-desc=\"Navigation menu\"]/android.widget.FrameLayout[4]/android.widget.TextView","context":"","multiple":false}
[debug] &amp#27;[35m[WD Proxy]&amp#27;[39m Got response with status 200: {"sessionId":"921a8b06-4146-4496-a809-0e08a9637d86","status":0,"value":{"ELEMENT":"b2467c04-74ee-4bbb-a930-47dfbc28a301"}}
[debug] &amp#27;[35m[W3C (6753ef3d)]&amp#27;[39m Responding to client with driver.findElement() result: {"element-6066-11e4-a52e-4f735466cecf":"b2467c04-74ee-4bbb-a930-47dfbc28a301","ELEMENT":"b2467c04-74ee-4bbb-a930-47dfbc28a301"}
&amp#27;[35m[HTTP]&amp#27;[39m &amp#27;[37m<-- POST /wd/hub/session/6753ef3d-0727-4e8a-b8c4-ab98740d4887/element &amp#27;[39m&amp#27;[32m200&amp#27;[39m &amp#27;[90m739 ms - 137&amp#27;[39m
&amp#27;[35m[HTTP]&amp#27;[39m &amp#27;[90m&amp#27;[39m
&amp#27;[35m[HTTP]&amp#27;[39m &amp#27;[37m-->&amp#27;[39m &amp#27;[37mGET&amp#27;[39m &amp#27;[37m/wd/hub/session/6753ef3d-0727-4e8a-b8c4-ab98740d4887/element/b2467c04-74ee-4bbb-a930-47dfbc28a301/displayed&amp#27;[39m
&amp#27;[35m[HTTP]&amp#27;[39m &amp#27;[90m{}&amp#27;[39m
[debug] &amp#27;[35m[W3C (6753ef3d)]&amp#27;[39m Calling AppiumDriver.elementDisplayed() with args: ["b2467c04-74ee-4bbb-a930-47dfbc28a301","6753ef3d-0727-4e8a-b8c4-ab98740d4887"]
[debug] &amp#27;[35m[WD Proxy]&amp#27;[39m Matched '/element/b2467c04-74ee-4bbb-a930-47dfbc28a301/attribute/displayed' to command name 'getAttribute'
[debug] &amp#27;[35m[WD Proxy]&amp#27;[39m Proxying [GET /element/b2467c04-74ee-4bbb-a930-47dfbc28a301/attribute/displayed] to [GET http://localhost:8209/wd/hub/session/921a8b06-4146-4496-a809-0e08a9637d86/element/b2467c04-74ee-4bbb-a930-47dfbc28a301/attribute/displayed] with body: {}
[debug] &amp#27;[35m[WD Proxy]&amp#27;[39m Got response with status 200: "{\"sessionId\":\"921a8b06-4146-4496-a809-0e08a9637d86\",\"status\":0,\"value\":\"true\"}"
[debug] &amp#27;[35m[W3C (6753ef3d)]&amp#27;[39m Responding to client with driver.elementDisplayed() result: true
&amp#27;[35m[HTTP]&amp#27;[39m &amp#27;[37m<-- GET /wd/hub/session/6753ef3d-0727-4e8a-b8c4-ab98740d4887/element/b2467c04-74ee-4bbb-a930-47dfbc28a301/displayed &amp#27;[39m&amp#27;[32m200&amp#27;[39m &amp#27;[90m40 ms - 14&amp#27;[39m
&amp#27;[35m[HTTP]&amp#27;[39m &amp#27;[90m&amp#27;[39m
&amp#27;[35m[HTTP]&amp#27;[39m &amp#27;[37m-->&amp#27;[39m &amp#27;[37mPOST&amp#27;[39m &amp#27;[37m/wd/hub/session/6753ef3d-0727-4e8a-b8c4-ab98740d4887/appium/device/press_keycode&amp#27;[39m
&amp#27;[35m[HTTP]&amp#27;[39m &amp#27;[90m{"keycode":20}&amp#27;[39m
[debug] &amp#27;[35m[W3C (6753ef3d)]&amp#27;[39m Calling AppiumDriver.pressKeyCode() with args: [20,null,null,null,null,"6753ef3d-0727-4e8a-b8c4-ab98740d4887"]
[debug] &amp#27;[35m[WD Proxy]&amp#27;[39m Matched '/appium/device/press_keycode' to command name 'pressKeyCode'
[debug] &amp#27;[35m[WD Proxy]&amp#27;[39m Proxying [POST /appium/device/press_keycode] to [POST http://localhost:8209/wd/hub/session/921a8b06-4146-4496-a809-0e08a9637d86/appium/device/press_keycode] with body: {"keycode":20,"metastate":null,"flags":null}
[debug] &amp#27;[35m[WD Proxy]&amp#27;[39m Got response with status 200: {"sessionId":"921a8b06-4146-4496-a809-0e08a9637d86","status":0,"value":true}
[debug] &amp#27;[35m[W3C (6753ef3d)]&amp#27;[39m Responding to client with driver.pressKeyCode() result: true
&amp#27;[35m[HTTP]&amp#27;[39m &amp#27;[37m<-- POST /wd/hub/session/6753ef3d-0727-4e8a-b8c4-ab98740d4887/appium/device/press_keycode &amp#27;[39m&amp#27;[32m200&amp#27;[39m &amp#27;[90m41 ms - 14&amp#27;[39m
&amp#27;[35m[HTTP]&amp#27;[39m &amp#27;[90m&amp#27;[39m
&amp#27;[35m[HTTP]&amp#27;[39m &amp#27;[37m-->&amp#27;[39m &amp#27;[37mPOST&amp#27;[39m &amp#27;[37m/wd/hub/session/6753ef3d-0727-4e8a-b8c4-ab98740d4887/element&amp#27;[39m
&amp#27;[35m[HTTP]&amp#27;[39m &amp#27;[90m{"using":"xpath","value":"//android.widget.TextView[@text = 'Featured Games']"}&amp#27;[39m
[debug] &amp#27;[35m[W3C (6753ef3d)]&amp#27;[39m Calling AppiumDriver.findElement() with args: ["xpath","//android.widget.TextView[@text = 'Featured Games']","6753ef3d-0727-4e8a-b8c4-ab98740d4887"]
[debug] &amp#27;[35m[BaseDriver]&amp#27;[39m Valid locator strategies for this request: xpath, id, class name, accessibility id, -android uiautomator
[debug] &amp#27;[35m[BaseDriver]&amp#27;[39m Waiting up to 10000 ms for condition
[debug] &amp#27;[35m[WD Proxy]&amp#27;[39m Matched '/element' to command name 'findElement'
[debug] &amp#27;[35m[WD Proxy]&amp#27;[39m Proxying [POST /element] to [POST http://localhost:8209/wd/hub/session/921a8b06-4146-4496-a809-0e08a9637d86/element] with body: {"strategy":"xpath","selector":"//android.widget.TextView[@text = 'Featured Games']","context":"","multiple":false}
[debug] &amp#27;[35m[WD Proxy]&amp#27;[39m Got response with status 200: {"sessionId":"921a8b06-4146-4496-a809-0e08a9637d86","status":0,"value":{"ELEMENT":"02ad3500-523f-467d-a27e-a607b6593589"}}
[debug] &amp#27;[35m[W3C (6753ef3d)]&amp#27;[39m Responding to client with driver.findElement() result: {"element-6066-11e4-a52e-4f735466cecf":"02ad3500-523f-467d-a27e-a607b6593589","ELEMENT":"02ad3500-523f-467d-a27e-a607b6593589"}
&amp#27;[35m[HTTP]&amp#27;[39m &amp#27;[37m<-- POST /wd/hub/session/6753ef3d-0727-4e8a-b8c4-ab98740d4887/element &amp#27;[39m&amp#27;[32m200&amp#27;[39m &amp#27;[90m1732 ms - 137&amp#27;[39m
&amp#27;[35m[HTTP]&amp#27;[39m &amp#27;[90m&amp#27;[39m
&amp#27;[35m[HTTP]&amp#27;[39m &amp#27;[37m-->&amp#27;[39m &amp#27;[37mGET&amp#27;[39m &amp#27;[37m/wd/hub/session/6753ef3d-0727-4e8a-b8c4-ab98740d4887/element/02ad3500-523f-467d-a27e-a607b6593589/displayed&amp#27;[39m
&amp#27;[35m[HTTP]&amp#27;[39m &amp#27;[90m{}&amp#27;[39m
[debug] &amp#27;[35m[W3C (6753ef3d)]&amp#27;[39m Calling AppiumDriver.elementDisplayed() with args: ["02ad3500-523f-467d-a27e-a607b6593589","6753ef3d-0727-4e8a-b8c4-ab98740d4887"]
[debug] &amp#27;[35m[WD Proxy]&amp#27;[39m Matched '/element/02ad3500-523f-467d-a27e-a607b6593589/attribute/displayed' to command name 'getAttribute'
[debug] &amp#27;[35m[WD Proxy]&amp#27;[39m Proxying [GET /element/02ad3500-523f-467d-a27e-a607b6593589/attribute/displayed] to [GET http://localhost:8209/wd/hub/session/921a8b06-4146-4496-a809-0e08a9637d86/element/02ad3500-523f-467d-a27e-a607b6593589/attribute/displayed] with body: {}
[debug] &amp#27;[35m[WD Proxy]&amp#27;[39m Got response with status 200: "{\"sessionId\":\"921a8b06-4146-4496-a809-0e08a9637d86\",\"status\":0,\"value\":\"true\"}"
[debug] &amp#27;[35m[W3C (6753ef3d)]&amp#27;[39m Responding to client with driver.elementDisplayed() result: true
&amp#27;[35m[HTTP]&amp#27;[39m &amp#27;[37m<-- GET /wd/hub/session/6753ef3d-0727-4e8a-b8c4-ab98740d4887/element/02ad3500-523f-467d-a27e-a607b6593589/displayed &amp#27;[39m&amp#27;[32m200&amp#27;[39m &amp#27;[90m37 ms - 14&amp#27;[39m
&amp#27;[35m[HTTP]&amp#27;[39m &amp#27;[90m&amp#27;[39m
&amp#27;[35m[HTTP]&amp#27;[39m &amp#27;[37m-->&amp#27;[39m &amp#27;[37mPOST&amp#27;[39m &amp#27;[37m/wd/hub/session/6753ef3d-0727-4e8a-b8c4-ab98740d4887/appium/device/press_keycode&amp#27;[39m
&amp#27;[35m[HTTP]&amp#27;[39m &amp#27;[90m{"keycode":22}&amp#27;[39m
[debug] &amp#27;[35m[W3C (6753ef3d)]&amp#27;[39m Calling AppiumDriver.pressKeyCode() with args: [22,null,null,null,null,"6753ef3d-0727-4e8a-b8c4-ab98740d4887"]
[debug] &amp#27;[35m[WD Proxy]&amp#27;[39m Matched '/appium/device/press_keycode' to command name 'pressKeyCode'
[debug] &amp#27;[35m[WD Proxy]&amp#27;[39m Proxying [POST /appium/device/press_keycode] to [POST http://localhost:8209/wd/hub/session/921a8b06-4146-4496-a809-0e08a9637d86/appium/device/press_keycode] with body: {"keycode":22,"metastate":null,"flags":null}
[debug] &amp#27;[35m[WD Proxy]&amp#27;[39m Got response with status 200: {"sessionId":"921a8b06-4146-4496-a809-0e08a9637d86","status":0,"value":true}
[debug] &amp#27;[35m[W3C (6753ef3d)]&amp#27;[39m Responding to client with driver.pressKeyCode() result: true
&amp#27;[35m[HTTP]&amp#27;[39m &amp#27;[37m<-- POST /wd/hub/session/6753ef3d-0727-4e8a-b8c4-ab98740d4887/appium/device/press_keycode &amp#27;[39m&amp#27;[32m200&amp#27;[39m &amp#27;[90m47 ms - 14&amp#27;[39m
&amp#27;[35m[HTTP]&amp#27;[39m &amp#27;[90m&amp#27;[39m
&amp#27;[35m[HTTP]&amp#27;[39m &amp#27;[37m-->&amp#27;[39m &amp#27;[37mPOST&amp#27;[39m &amp#27;[37m/wd/hub/session/6753ef3d-0727-4e8a-b8c4-ab98740d4887/elements&amp#27;[39m
&amp#27;[35m[HTTP]&amp#27;[39m &amp#27;[90m{"using":"class name","value":"android.widget.ImageView"}&amp#27;[39m
[debug] &amp#27;[35m[W3C (6753ef3d)]&amp#27;[39m Calling AppiumDriver.findElements() with args: ["class name","android.widget.ImageView","6753ef3d-0727-4e8a-b8c4-ab98740d4887"]
[debug] &amp#27;[35m[BaseDriver]&amp#27;[39m Valid locator strategies for this request: xpath, id, class name, accessibility id, -android uiautomator
[debug] &amp#27;[35m[BaseDriver]&amp#27;[39m Waiting up to 10000 ms for condition
[debug] &amp#27;[35m[WD Proxy]&amp#27;[39m Matched '/elements' to command name 'findElements'
[debug] &amp#27;[35m[WD Proxy]&amp#27;[39m Proxying [POST /elements] to [POST http://localhost:8209/wd/hub/session/921a8b06-4146-4496-a809-0e08a9637d86/elements] with body: {"strategy":"class name","selector":"android.widget.ImageView","context":"","multiple":true}
[debug] &amp#27;[35m[WD Proxy]&amp#27;[39m Got response with status 200: {"sessionId":"921a8b06-4146-4496-a809-0e08a9637d86","status":0,"value":[{"ELEMENT":"50817a04-180b-499e-a71c-be1ac50b2db6"},{"ELEMENT":"c9fb5b32-00c6-4fc1-8d67-48383e5818c9"},{"ELEMENT":"a5435a41-07f2-45a5-9c93-27ea7877abaf"},{"ELEMENT":"bf5aef63-3041-450a-8492-5e3603e97f10"},{"ELEMENT":"dc01ee8e-4572-4c9d-aa1a-e3cc6943f64f"},{"ELEMENT":"0b8f8a4f-fa8e-47ae-af35-510d9b1ea82d"},{"ELEMENT":"71cb8ab6-296d-4075-afe9-d4113bf1f5ca"},{"ELEMENT":"1130149a-972c-4f44-b566-ffe11a44159f"},{"ELEMENT":"4ed05082-7f09-4e6d-bbac-b4c66691bdca"},{"ELEMENT":"c82c2f27-45fc-439d-8ff8-a17b28c4472f"},{"ELEMENT":"e8edc281-b8eb-4cc5-84b3-b2b13ca842e3"},{"ELEMENT":"a007f689-bbe8-4770-9e7b-f17a8362573b"},{"ELEMENT":"2e117c9a-ca59-4442-aa84-1d40b54d96f5"},{"ELEMENT":"2215ac5d-9ed1-474c-a635-cee8d0cbb219"},{"ELEMENT":"ca81cb36-0911-4449-8ac0-a7d7ee0b6064"},{"ELEMENT":"1ffb1339-4823-48df-aadb-81905020d0b1"}]}
[debug] &amp#27;[35m[W3C (6753ef3d)]&amp#27;[39m Responding to client with driver.findElements() result: [{"element-6066-11e4-a52e-4f735466cecf":"50817a04-180b-499e-a71c-be1ac50b2db6","ELEMENT":"50817a04-180b-499e-a71c-be1ac50b2db6"},{"element-6066-11e4-a52e-4f735466cecf":"c9fb5b32-00c6-4fc1-8d67-48383e5818c9","ELEMENT":"c9fb5b32-00c6-4fc1-8d67-48383e5818c9"},{"element-6066-11e4-a52e-4f735466cecf":"a5435a41-07f2-45a5-9c93-27ea7877abaf","ELEMENT":"a5435a41-07f2-45a5-9c93-27ea7877abaf"},{"element-6066-11e4-a52e-4f735466cecf":"bf5aef63-3041-450a-8492-5e3603e97f10","ELEMENT":"bf5aef63-3041-450a-8492-5e3603e97f10"},{"element-6066-11e4-a52e-4f735466cecf":"dc01ee8e-4572-4c9d-aa1a-e3cc6943f64f","ELEMENT":"dc01ee8e-4572-4c9d-aa1a-e3cc6943f64f"},{"element-6066-11e4-a52e-4f735466cecf":"0b8f8a4f-fa8e-47ae-af35-510d9b1ea82d","ELEMENT":"0b8f8a4f-fa8e-47ae-af35-510d9b1ea82d"},{"element-6066-11e4-a52e-4f735466cecf":"71cb8ab6-296d-4075-afe9-d4113bf1f5ca","ELEMENT":"71cb8ab6-296d-4075-afe9-d4113bf1f5ca"},{"element-6066-11e4-a52e-4f735466cecf":"1130149a-972c-4f44-b566-ffe11a44159f","ELEMENT":"1130149a-972c-4f44-b566-ffe11a44159...
&amp#27;[35m[HTTP]&amp#27;[39m &amp#27;[37m<-- POST /wd/hub/session/6753ef3d-0727-4e8a-b8c4-ab98740d4887/elements &amp#27;[39m&amp#27;[32m200&amp#27;[39m &amp#27;[90m930 ms - 2059&amp#27;[39m
&amp#27;[35m[HTTP]&amp#27;[39m &amp#27;[90m&amp#27;[39m
&amp#27;[35m[HTTP]&amp#27;[39m &amp#27;[37m-->&amp#27;[39m &amp#27;[37mGET&amp#27;[39m &amp#27;[37m/wd/hub/session/6753ef3d-0727-4e8a-b8c4-ab98740d4887/element/a5435a41-07f2-45a5-9c93-27ea7877abaf/displayed&amp#27;[39m
&amp#27;[35m[HTTP]&amp#27;[39m &amp#27;[90m{}&amp#27;[39m
[debug] &amp#27;[35m[W3C (6753ef3d)]&amp#27;[39m Calling AppiumDriver.elementDisplayed() with args: ["a5435a41-07f2-45a5-9c93-27ea7877abaf","6753ef3d-0727-4e8a-b8c4-ab98740d4887"]
[debug] &amp#27;[35m[WD Proxy]&amp#27;[39m Matched '/element/a5435a41-07f2-45a5-9c93-27ea7877abaf/attribute/displayed' to command name 'getAttribute'
[debug] &amp#27;[35m[WD Proxy]&amp#27;[39m Proxying [GET /element/a5435a41-07f2-45a5-9c93-27ea7877abaf/attribute/displayed] to [GET http://localhost:8209/wd/hub/session/921a8b06-4146-4496-a809-0e08a9637d86/element/a5435a41-07f2-45a5-9c93-27ea7877abaf/attribute/displayed] with body: {}
[debug] &amp#27;[35m[WD Proxy]&amp#27;[39m Got response with status 200: "{\"sessionId\":\"921a8b06-4146-4496-a809-0e08a9637d86\",\"status\":0,\"value\":\"true\"}"
[debug] &amp#27;[35m[W3C (6753ef3d)]&amp#27;[39m Responding to client with driver.elementDisplayed() result: true
&amp#27;[35m[HTTP]&amp#27;[39m &amp#27;[37m<-- GET /wd/hub/session/6753ef3d-0727-4e8a-b8c4-ab98740d4887/element/a5435a41-07f2-45a5-9c93-27ea7877abaf/displayed &amp#27;[39m&amp#27;[32m200&amp#27;[39m &amp#27;[90m40 ms - 14&amp#27;[39m
&amp#27;[35m[HTTP]&amp#27;[39m &amp#27;[90m&amp#27;[39m
&amp#27;[35m[HTTP]&amp#27;[39m &amp#27;[37m-->&amp#27;[39m &amp#27;[37mPOST&amp#27;[39m &amp#27;[37m/wd/hub/session/6753ef3d-0727-4e8a-b8c4-ab98740d4887/appium/device/press_keycode&amp#27;[39m
&amp#27;[35m[HTTP]&amp#27;[39m &amp#27;[90m{"keycode":20}&amp#27;[39m
[debug] &amp#27;[35m[W3C (6753ef3d)]&amp#27;[39m Calling AppiumDriver.pressKeyCode() with args: [20,null,null,null,null,"6753ef3d-0727-4e8a-b8c4-ab98740d4887"]
[debug] &amp#27;[35m[WD Proxy]&amp#27;[39m Matched '/appium/device/press_keycode' to command name 'pressKeyCode'
[debug] &amp#27;[35m[WD Proxy]&amp#27;[39m Proxying [POST /appium/device/press_keycode] to [POST http://localhost:8209/wd/hub/session/921a8b06-4146-4496-a809-0e08a9637d86/appium/device/press_keycode] with body: {"keycode":20,"metastate":null,"flags":null}
[debug] &amp#27;[35m[WD Proxy]&amp#27;[39m Got response with status 200: {"sessionId":"921a8b06-4146-4496-a809-0e08a9637d86","status":0,"value":true}
[debug] &amp#27;[35m[W3C (6753ef3d)]&amp#27;[39m Responding to client with driver.pressKeyCode() result: true
&amp#27;[35m[HTTP]&amp#27;[39m &amp#27;[37m<-- POST /wd/hub/session/6753ef3d-0727-4e8a-b8c4-ab98740d4887/appium/device/press_keycode &amp#27;[39m&amp#27;[32m200&amp#27;[39m &amp#27;[90m75 ms - 14&amp#27;[39m
&amp#27;[35m[HTTP]&amp#27;[39m &amp#27;[90m&amp#27;[39m
&amp#27;[35m[HTTP]&amp#27;[39m &amp#27;[37m-->&amp#27;[39m &amp#27;[37mPOST&amp#27;[39m &amp#27;[37m/wd/hub/session/6753ef3d-0727-4e8a-b8c4-ab98740d4887/elements&amp#27;[39m
&amp#27;[35m[HTTP]&amp#27;[39m &amp#27;[90m{"using":"class name","value":"android.widget.TextView"}&amp#27;[39m
[debug] &amp#27;[35m[W3C (6753ef3d)]&amp#27;[39m Calling AppiumDriver.findElements() with args: ["class name","android.widget.TextView","6753ef3d-0727-4e8a-b8c4-ab98740d4887"]
[debug] &amp#27;[35m[BaseDriver]&amp#27;[39m Valid locator strategies for this request: xpath, id, class name, accessibility id, -android uiautomator
[debug] &amp#27;[35m[BaseDriver]&amp#27;[39m Waiting up to 10000 ms for condition
[debug] &amp#27;[35m[WD Proxy]&amp#27;[39m Matched '/elements' to command name 'findElements'
[debug] &amp#27;[35m[WD Proxy]&amp#27;[39m Proxying [POST /elements] to [POST http://localhost:8209/wd/hub/session/921a8b06-4146-4496-a809-0e08a9637d86/elements] with body: {"strategy":"class name","selector":"android.widget.TextView","context":"","multiple":true}
[debug] &amp#27;[35m[WD Proxy]&amp#27;[39m Got response with status 200: {"sessionId":"921a8b06-4146-4496-a809-0e08a9637d86","status":0,"value":[{"ELEMENT":"a7b75a5f-dcd2-4219-878d-16fb3253ab2c"},{"ELEMENT":"adf460b4-99b8-4b85-8c26-2eafbea2556a"},{"ELEMENT":"7f2f1f32-832c-44b8-9fe6-fc405413517d"},{"ELEMENT":"0c7190e5-ddc0-474a-bc34-8d87196a6c0f"},{"ELEMENT":"1aa5722b-09fb-4a7c-8526-cf520038c002"},{"ELEMENT":"ffed1d09-7d59-4207-b7d1-94e47392c373"},{"ELEMENT":"e8c1bc50-b0ee-4676-8622-58363aec94d6"},{"ELEMENT":"469ac932-fc0a-4673-8268-83741d3c480b"},{"ELEMENT":"928cae41-aaf2-40d1-bf19-ae01a4ece52f"},{"ELEMENT":"4179ad8c-229c-4098-b65e-2ddf920e3e39"},{"ELEMENT":"bcec322d-576a-4f18-a8f8-70db840411e3"},{"ELEMENT":"2f6e8995-ea72-46fb-9943-d77bb498b299"},{"ELEMENT":"36487cfd-4d1b-4629-9143-fd4b41f45c65"},{"ELEMENT":"f7e90aa9-e636-4af3-95da-8e6bd4a4c7a2"},{"ELEMENT":"95d4506e-36fe-4024-8e39-40279173786f"},{"ELEMENT":"a6b7c1db-9758-4a0c-ae8a-9c1a7dfcdb21"},{"ELEMENT":"e691a28f-a834-4c6c-b814-3c6d1a57a2bd"},{"ELEMENT":"3ffb0a6b-edb1-4aa0-94eb-671d7b1b5940"},{"ELEMENT":"b49e6899-d8e1-4eeb-...
[debug] &amp#27;[35m[W3C (6753ef3d)]&amp#27;[39m Responding to client with driver.findElements() result: [{"element-6066-11e4-a52e-4f735466cecf":"a7b75a5f-dcd2-4219-878d-16fb3253ab2c","ELEMENT":"a7b75a5f-dcd2-4219-878d-16fb3253ab2c"},{"element-6066-11e4-a52e-4f735466cecf":"adf460b4-99b8-4b85-8c26-2eafbea2556a","ELEMENT":"adf460b4-99b8-4b85-8c26-2eafbea2556a"},{"element-6066-11e4-a52e-4f735466cecf":"7f2f1f32-832c-44b8-9fe6-fc405413517d","ELEMENT":"7f2f1f32-832c-44b8-9fe6-fc405413517d"},{"element-6066-11e4-a52e-4f735466cecf":"0c7190e5-ddc0-474a-bc34-8d87196a6c0f","ELEMENT":"0c7190e5-ddc0-474a-bc34-8d87196a6c0f"},{"element-6066-11e4-a52e-4f735466cecf":"1aa5722b-09fb-4a7c-8526-cf520038c002","ELEMENT":"1aa5722b-09fb-4a7c-8526-cf520038c002"},{"element-6066-11e4-a52e-4f735466cecf":"ffed1d09-7d59-4207-b7d1-94e47392c373","ELEMENT":"ffed1d09-7d59-4207-b7d1-94e47392c373"},{"element-6066-11e4-a52e-4f735466cecf":"e8c1bc50-b0ee-4676-8622-58363aec94d6","ELEMENT":"e8c1bc50-b0ee-4676-8622-58363aec94d6"},{"element-6066-11e4-a52e-4f735466cecf":"469ac932-fc0a-4673-8268-83741d3c480b","ELEMENT":"469ac932-fc0a-4673-8268-83741d3c480...
&amp#27;[35m[HTTP]&amp#27;[39m &amp#27;[37m<-- POST /wd/hub/session/6753ef3d-0727-4e8a-b8c4-ab98740d4887/elements &amp#27;[39m&amp#27;[32m200&amp#27;[39m &amp#27;[90m500 ms - 2443&amp#27;[39m
&amp#27;[35m[HTTP]&amp#27;[39m &amp#27;[90m&amp#27;[39m
&amp#27;[35m[HTTP]&amp#27;[39m &amp#27;[37m-->&amp#27;[39m &amp#27;[37mGET&amp#27;[39m &amp#27;[37m/wd/hub/session/6753ef3d-0727-4e8a-b8c4-ab98740d4887/element/a7b75a5f-dcd2-4219-878d-16fb3253ab2c/text&amp#27;[39m
&amp#27;[35m[HTTP]&amp#27;[39m &amp#27;[90m{}&amp#27;[39m
&amp#27;[35m[W3C (6753ef3d)]&amp#27;[39m Driver proxy active, passing request on via HTTP proxy
[debug] &amp#27;[35m[WD Proxy]&amp#27;[39m Matched '/wd/hub/session/6753ef3d-0727-4e8a-b8c4-ab98740d4887/element/a7b75a5f-dcd2-4219-878d-16fb3253ab2c/text' to command name 'getText'
[debug] &amp#27;[35m[WD Proxy]&amp#27;[39m Proxying [GET /wd/hub/session/6753ef3d-0727-4e8a-b8c4-ab98740d4887/element/a7b75a5f-dcd2-4219-878d-16fb3253ab2c/text] to [GET http://localhost:8209/wd/hub/session/921a8b06-4146-4496-a809-0e08a9637d86/element/a7b75a5f-dcd2-4219-878d-16fb3253ab2c/text] with body: {}
[debug] &amp#27;[35m[WD Proxy]&amp#27;[39m Got response with status 200: "{\"sessionId\":\"921a8b06-4146-4496-a809-0e08a9637d86\",\"status\":0,\"value\":\"Teslagrad\"}"
&amp#27;[35m[WD Proxy]&amp#27;[39m Replacing sessionId 921a8b06-4146-4496-a809-0e08a9637d86 with 6753ef3d-0727-4e8a-b8c4-ab98740d4887
&amp#27;[35m[HTTP]&amp#27;[39m &amp#27;[37m<-- GET /wd/hub/session/6753ef3d-0727-4e8a-b8c4-ab98740d4887/element/a7b75a5f-dcd2-4219-878d-16fb3253ab2c/text &amp#27;[39m&amp#27;[32m200&amp#27;[39m &amp#27;[90m35 ms - 83&amp#27;[39m
&amp#27;[35m[HTTP]&amp#27;[39m &amp#27;[90m&amp#27;[39m
&amp#27;[35m[HTTP]&amp#27;[39m &amp#27;[37m-->&amp#27;[39m &amp#27;[37mPOST&amp#27;[39m &amp#27;[37m/wd/hub/session/6753ef3d-0727-4e8a-b8c4-ab98740d4887/appium/device/press_keycode&amp#27;[39m
&amp#27;[35m[HTTP]&amp#27;[39m &amp#27;[90m{"keycode":20}&amp#27;[39m
[debug] &amp#27;[35m[W3C (6753ef3d)]&amp#27;[39m Calling AppiumDriver.pressKeyCode() with args: [20,null,null,null,null,"6753ef3d-0727-4e8a-b8c4-ab98740d4887"]
[debug] &amp#27;[35m[WD Proxy]&amp#27;[39m Matched '/appium/device/press_keycode' to command name 'pressKeyCode'
[debug] &amp#27;[35m[WD Proxy]&amp#27;[39m Proxying [POST /appium/device/press_keycode] to [POST http://localhost:8209/wd/hub/session/921a8b06-4146-4496-a809-0e08a9637d86/appium/device/press_keycode] with body: {"keycode":20,"metastate":null,"flags":null}
[debug] &amp#27;[35m[WD Proxy]&amp#27;[39m Got response with status 200: {"sessionId":"921a8b06-4146-4496-a809-0e08a9637d86","status":0,"value":true}
[debug] &amp#27;[35m[W3C (6753ef3d)]&amp#27;[39m Responding to client with driver.pressKeyCode() result: true
&amp#27;[35m[HTTP]&amp#27;[39m &amp#27;[37m<-- POST /wd/hub/session/6753ef3d-0727-4e8a-b8c4-ab98740d4887/appium/device/press_keycode &amp#27;[39m&amp#27;[32m200&amp#27;[39m &amp#27;[90m48 ms - 14&amp#27;[39m
&amp#27;[35m[HTTP]&amp#27;[39m &amp#27;[90m&amp#27;[39m
&amp#27;[35m[HTTP]&amp#27;[39m &amp#27;[37m-->&amp#27;[39m &amp#27;[37mPOST&amp#27;[39m &amp#27;[37m/wd/hub/session/6753ef3d-0727-4e8a-b8c4-ab98740d4887/elements&amp#27;[39m
&amp#27;[35m[HTTP]&amp#27;[39m &amp#27;[90m{"using":"class name","value":"android.widget.TextView"}&amp#27;[39m
[debug] &amp#27;[35m[W3C (6753ef3d)]&amp#27;[39m Calling AppiumDriver.findElements() with args: ["class name","android.widget.TextView","6753ef3d-0727-4e8a-b8c4-ab98740d4887"]
[debug] &amp#27;[35m[BaseDriver]&amp#27;[39m Valid locator strategies for this request: xpath, id, class name, accessibility id, -android uiautomator
[debug] &amp#27;[35m[BaseDriver]&amp#27;[39m Waiting up to 10000 ms for condition
[debug] &amp#27;[35m[WD Proxy]&amp#27;[39m Matched '/elements' to command name 'findElements'
[debug] &amp#27;[35m[WD Proxy]&amp#27;[39m Proxying [POST /elements] to [POST http://localhost:8209/wd/hub/session/921a8b06-4146-4496-a809-0e08a9637d86/elements] with body: {"strategy":"class name","selector":"android.widget.TextView","context":"","multiple":true}
[debug] &amp#27;[35m[WD Proxy]&amp#27;[39m Got response with status 200: {"sessionId":"921a8b06-4146-4496-a809-0e08a9637d86","status":0,"value":[{"ELEMENT":"96855203-8009-4f30-8cf8-9920e95cfd8e"},{"ELEMENT":"b83ce3d9-680a-4a35-b620-d3afd61a2097"},{"ELEMENT":"19e0c088-ea35-41cf-9579-e63f49ffb663"},{"ELEMENT":"e5057009-f9ed-48a2-8eff-656395f7912c"},{"ELEMENT":"1446ea14-28e7-4b2b-bded-4267bd3b735e"},{"ELEMENT":"28f0b973-323e-4728-b94b-32c71f847c55"},{"ELEMENT":"ef1ee4ba-7657-4963-b0b3-ca4d2a286404"},{"ELEMENT":"ed31949e-1b3d-47c7-9856-c0423cb19213"},{"ELEMENT":"e6e06f54-864a-487b-84d2-a8e30bb248c7"},{"ELEMENT":"36502692-41ff-445b-a29a-566c4dcf5e9a"},{"ELEMENT":"b076c5cd-88a6-442b-9e71-e9946cebc343"},{"ELEMENT":"2a579904-1161-48b1-ae84-143c3942a9d1"},{"ELEMENT":"83f29e1b-8db2-4aed-be3a-5cd88bc98270"},{"ELEMENT":"c40203b0-a8d5-46a3-a929-d71a7dae757f"},{"ELEMENT":"aeda2504-88b8-4cab-b538-1703d999f2ba"},{"ELEMENT":"1ad7d36d-ccb6-4d27-85f9-433e1b2f3ce0"},{"ELEMENT":"62f2d329-55cc-4736-a6ef-25713752ffd4"},{"ELEMENT":"a992e90b-d144-44ed-9896-51ca1fcabd6d"},{"ELEMENT":"7f6f9ac8-dc3a-4e56-...
[debug] &amp#27;[35m[W3C (6753ef3d)]&amp#27;[39m Responding to client with driver.findElements() result: [{"element-6066-11e4-a52e-4f735466cecf":"96855203-8009-4f30-8cf8-9920e95cfd8e","ELEMENT":"96855203-8009-4f30-8cf8-9920e95cfd8e"},{"element-6066-11e4-a52e-4f735466cecf":"b83ce3d9-680a-4a35-b620-d3afd61a2097","ELEMENT":"b83ce3d9-680a-4a35-b620-d3afd61a2097"},{"element-6066-11e4-a52e-4f735466cecf":"19e0c088-ea35-41cf-9579-e63f49ffb663","ELEMENT":"19e0c088-ea35-41cf-9579-e63f49ffb663"},{"element-6066-11e4-a52e-4f735466cecf":"e5057009-f9ed-48a2-8eff-656395f7912c","ELEMENT":"e5057009-f9ed-48a2-8eff-656395f7912c"},{"element-6066-11e4-a52e-4f735466cecf":"1446ea14-28e7-4b2b-bded-4267bd3b735e","ELEMENT":"1446ea14-28e7-4b2b-bded-4267bd3b735e"},{"element-6066-11e4-a52e-4f735466cecf":"28f0b973-323e-4728-b94b-32c71f847c55","ELEMENT":"28f0b973-323e-4728-b94b-32c71f847c55"},{"element-6066-11e4-a52e-4f735466cecf":"ef1ee4ba-7657-4963-b0b3-ca4d2a286404","ELEMENT":"ef1ee4ba-7657-4963-b0b3-ca4d2a286404"},{"element-6066-11e4-a52e-4f735466cecf":"ed31949e-1b3d-47c7-9856-c0423cb19213","ELEMENT":"ed31949e-1b3d-47c7-9856-c0423cb1921...
&amp#27;[35m[HTTP]&amp#27;[39m &amp#27;[37m<-- POST /wd/hub/session/6753ef3d-0727-4e8a-b8c4-ab98740d4887/elements &amp#27;[39m&amp#27;[32m200&amp#27;[39m &amp#27;[90m633 ms - 2443&amp#27;[39m
&amp#27;[35m[HTTP]&amp#27;[39m &amp#27;[90m&amp#27;[39m
&amp#27;[35m[HTTP]&amp#27;[39m &amp#27;[37m-->&amp#27;[39m &amp#27;[37mGET&amp#27;[39m &amp#27;[37m/wd/hub/session/6753ef3d-0727-4e8a-b8c4-ab98740d4887/element/96855203-8009-4f30-8cf8-9920e95cfd8e/text&amp#27;[39m
&amp#27;[35m[HTTP]&amp#27;[39m &amp#27;[90m{}&amp#27;[39m
&amp#27;[35m[W3C (6753ef3d)]&amp#27;[39m Driver proxy active, passing request on via HTTP proxy
[debug] &amp#27;[35m[WD Proxy]&amp#27;[39m Matched '/wd/hub/session/6753ef3d-0727-4e8a-b8c4-ab98740d4887/element/96855203-8009-4f30-8cf8-9920e95cfd8e/text' to command name 'getText'
[debug] &amp#27;[35m[WD Proxy]&amp#27;[39m Proxying [GET /wd/hub/session/6753ef3d-0727-4e8a-b8c4-ab98740d4887/element/96855203-8009-4f30-8cf8-9920e95cfd8e/text] to [GET http://localhost:8209/wd/hub/session/921a8b06-4146-4496-a809-0e08a9637d86/element/96855203-8009-4f30-8cf8-9920e95cfd8e/text] with body: {}
[debug] &amp#27;[35m[WD Proxy]&amp#27;[39m Got response with status 200: "{\"sessionId\":\"921a8b06-4146-4496-a809-0e08a9637d86\",\"status\":0,\"value\":\"Hungry Shark Evolution\"}"
&amp#27;[35m[WD Proxy]&amp#27;[39m Replacing sessionId 921a8b06-4146-4496-a809-0e08a9637d86 with 6753ef3d-0727-4e8a-b8c4-ab98740d4887
&amp#27;[35m[HTTP]&amp#27;[39m &amp#27;[37m<-- GET /wd/hub/session/6753ef3d-0727-4e8a-b8c4-ab98740d4887/element/96855203-8009-4f30-8cf8-9920e95cfd8e/text &amp#27;[39m&amp#27;[32m200&amp#27;[39m &amp#27;[90m34 ms - 96&amp#27;[39m
&amp#27;[35m[HTTP]&amp#27;[39m &amp#27;[90m&amp#27;[39m
&amp#27;[35m[HTTP]&amp#27;[39m &amp#27;[37m-->&amp#27;[39m &amp#27;[37mPOST&amp#27;[39m &amp#27;[37m/wd/hub/session/6753ef3d-0727-4e8a-b8c4-ab98740d4887/appium/device/press_keycode&amp#27;[39m
&amp#27;[35m[HTTP]&amp#27;[39m &amp#27;[90m{"keycode":20}&amp#27;[39m
[debug] &amp#27;[35m[W3C (6753ef3d)]&amp#27;[39m Calling AppiumDriver.pressKeyCode() with args: [20,null,null,null,null,"6753ef3d-0727-4e8a-b8c4-ab98740d4887"]
[debug] &amp#27;[35m[WD Proxy]&amp#27;[39m Matched '/appium/device/press_keycode' to command name 'pressKeyCode'
[debug] &amp#27;[35m[WD Proxy]&amp#27;[39m Proxying [POST /appium/device/press_keycode] to [POST http://localhost:8209/wd/hub/session/921a8b06-4146-4496-a809-0e08a9637d86/appium/device/press_keycode] with body: {"keycode":20,"metastate":null,"flags":null}
[debug] &amp#27;[35m[WD Proxy]&amp#27;[39m Got response with status 200: {"sessionId":"921a8b06-4146-4496-a809-0e08a9637d86","status":0,"value":true}
[debug] &amp#27;[35m[W3C (6753ef3d)]&amp#27;[39m Responding to client with driver.pressKeyCode() result: true
&amp#27;[35m[HTTP]&amp#27;[39m &amp#27;[37m<-- POST /wd/hub/session/6753ef3d-0727-4e8a-b8c4-ab98740d4887/appium/device/press_keycode &amp#27;[39m&amp#27;[32m200&amp#27;[39m &amp#27;[90m47 ms - 14&amp#27;[39m
&amp#27;[35m[HTTP]&amp#27;[39m &amp#27;[90m&amp#27;[39m
&amp#27;[35m[HTTP]&amp#27;[39m &amp#27;[37m-->&amp#27;[39m &amp#27;[37mPOST&amp#27;[39m &amp#27;[37m/wd/hub/session/6753ef3d-0727-4e8a-b8c4-ab98740d4887/elements&amp#27;[39m
&amp#27;[35m[HTTP]&amp#27;[39m &amp#27;[90m{"using":"class name","value":"android.widget.TextView"}&amp#27;[39m
[debug] &amp#27;[35m[W3C (6753ef3d)]&amp#27;[39m Calling AppiumDriver.findElements() with args: ["class name","android.widget.TextView","6753ef3d-0727-4e8a-b8c4-ab98740d4887"]
[debug] &amp#27;[35m[BaseDriver]&amp#27;[39m Valid locator strategies for this request: xpath, id, class name, accessibility id, -android uiautomator
[debug] &amp#27;[35m[BaseDriver]&amp#27;[39m Waiting up to 10000 ms for condition
[debug] &amp#27;[35m[WD Proxy]&amp#27;[39m Matched '/elements' to command name 'findElements'
[...]
&amp#27;[35m[HTTP]&amp#27;[39m &amp#27;[90m&amp#27;[39m
&amp#27;[35m[HTTP]&amp#27;[39m &amp#27;[37m-->&amp#27;[39m &amp#27;[37mPOST&amp#27;[39m &amp#27;[37m/wd/hub/session/e6372c50-ff1b-44b9-8453-7bc7de0ad0f4/appium/device/press_keycode&amp#27;[39m
&amp#27;[35m[HTTP]&amp#27;[39m &amp#27;[90m{"keycode":21}&amp#27;[39m
[debug] &amp#27;[35m[W3C (e6372c50)]&amp#27;[39m Calling AppiumDriver.pressKeyCode() with args: [21,null,null,null,null,"e6372c50-ff1b-44b9-8453-7bc7de0ad0f4"]
[debug] &amp#27;[35m[WD Proxy]&amp#27;[39m Matched '/appium/device/press_keycode' to command name 'pressKeyCode'
[debug] &amp#27;[35m[WD Proxy]&amp#27;[39m Proxying [POST /appium/device/press_keycode] to [POST http://localhost:8212/wd/hub/session/81b52f7e-9d20-45a5-a28d-787ec0e9732a/appium/device/press_keycode] with body: {"keycode":21,"metastate":null,"flags":null}
[debug] &amp#27;[35m[WD Proxy]&amp#27;[39m Got response with status 200: {"sessionId":"81b52f7e-9d20-45a5-a28d-787ec0e9732a","status":0,"value":true}
[debug] &amp#27;[35m[W3C (e6372c50)]&amp#27;[39m Responding to client with driver.pressKeyCode() result: true
&amp#27;[35m[HTTP]&amp#27;[39m &amp#27;[37m<-- POST /wd/hub/session/e6372c50-ff1b-44b9-8453-7bc7de0ad0f4/appium/device/press_keycode &amp#27;[39m&amp#27;[32m200&amp#27;[39m &amp#27;[90m348 ms - 14&amp#27;[39m
&amp#27;[35m[HTTP]&amp#27;[39m &amp#27;[90m&amp#27;[39m
&amp#27;[35m[HTTP]&amp#27;[39m &amp#27;[37m-->&amp#27;[39m &amp#27;[37mPOST&amp#27;[39m &amp#27;[37m/wd/hub/session/e6372c50-ff1b-44b9-8453-7bc7de0ad0f4/appium/device/press_keycode&amp#27;[39m
&amp#27;[35m[HTTP]&amp#27;[39m &amp#27;[90m{"keycode":23}&amp#27;[39m
[debug] &amp#27;[35m[W3C (e6372c50)]&amp#27;[39m Calling AppiumDriver.pressKeyCode() with args: [23,null,null,null,null,"e6372c50-ff1b-44b9-8453-7bc7de0ad0f4"]
[debug] &amp#27;[35m[WD Proxy]&amp#27;[39m Matched '/appium/device/press_keycode' to command name 'pressKeyCode'
[debug] &amp#27;[35m[WD Proxy]&amp#27;[39m Proxying [POST /appium/device/press_keycode] to [POST http://localhost:8212/wd/hub/session/81b52f7e-9d20-45a5-a28d-787ec0e9732a/appium/device/press_keycode] with body: {"keycode":23,"metastate":null,"flags":null}
[debug] &amp#27;[35m[WD Proxy]&amp#27;[39m Got response with status 200: {"sessionId":"81b52f7e-9d20-45a5-a28d-787ec0e9732a","status":0,"value":true}
[debug] &amp#27;[35m[W3C (e6372c50)]&amp#27;[39m Responding to client with driver.pressKeyCode() result: true
&amp#27;[35m[HTTP]&amp#27;[39m &amp#27;[37m<-- POST /wd/hub/session/e6372c50-ff1b-44b9-8453-7bc7de0ad0f4/appium/device/press_keycode &amp#27;[39m&amp#27;[32m200&amp#27;[39m &amp#27;[90m344 ms - 14&amp#27;[39m
&amp#27;[35m[HTTP]&amp#27;[39m &amp#27;[90m&amp#27;[39m
&amp#27;[35m[HTTP]&amp#27;[39m &amp#27;[37m-->&amp#27;[39m &amp#27;[37mPOST&amp#27;[39m &amp#27;[37m/wd/hub/session/e6372c50-ff1b-44b9-8453-7bc7de0ad0f4/element&amp#27;[39m
&amp#27;[35m[HTTP]&amp#27;[39m &amp#27;[90m{"using":"id","value":"com.android.vending:id/title_badge"}&amp#27;[39m
[debug] &amp#27;[35m[W3C (e6372c50)]&amp#27;[39m Calling AppiumDriver.findElement() with args: ["id","com.android.vending:id/title_badge","e6372c50-ff1b-44b9-8453-7bc7de0ad0f4"]
[debug] &amp#27;[35m[BaseDriver]&amp#27;[39m Valid locator strategies for this request: xpath, id, class name, accessibility id, -android uiautomator
[debug] &amp#27;[35m[BaseDriver]&amp#27;[39m Waiting up to 10000 ms for condition
[debug] &amp#27;[35m[WD Proxy]&amp#27;[39m Matched '/element' to command name 'findElement'
[debug] &amp#27;[35m[WD Proxy]&amp#27;[39m Proxying [POST /element] to [POST http://localhost:8212/wd/hub/session/81b52f7e-9d20-45a5-a28d-787ec0e9732a/element] with body: {"strategy":"id","selector":"com.android.vending:id/title_badge","context":"","multiple":false}
&amp#27;[35m[WD Proxy]&amp#27;[39m Got an unexpected response: {"sessionId":"81b52f7e-9d20-45a5-a28d-787ec0e9732a","status":7,"value":"An element could not be located on the page using the given search parameters."}
[debug] &amp#27;[35m[MJSONWP]&amp#27;[39m Matched JSONWP error code 7 to NoSuchElementError
[debug] &amp#27;[35m[BaseDriver]&amp#27;[39m Waited for 231 ms so far
[debug] &amp#27;[35m[WD Proxy]&amp#27;[39m Matched '/element' to command name 'findElement'
[debug] &amp#27;[35m[WD Proxy]&amp#27;[39m Proxying [POST /element] to [POST http://localhost:8212/wd/hub/session/81b52f7e-9d20-45a5-a28d-787ec0e9732a/element] with body: {"strategy":"id","selector":"com.android.vending:id/title_badge","context":"","multiple":false}
&amp#27;[35m[WD Proxy]&amp#27;[39m Got an unexpected response: {"sessionId":"81b52f7e-9d20-45a5-a28d-787ec0e9732a","status":7,"value":"An element could not be located on the page using the given search parameters."}
[debug] &amp#27;[35m[MJSONWP]&amp#27;[39m Matched JSONWP error code 7 to NoSuchElementError
[debug] &amp#27;[35m[BaseDriver]&amp#27;[39m Waited for 881 ms so far
[debug] &amp#27;[35m[WD Proxy]&amp#27;[39m Matched '/element' to command name 'findElement'
[debug] &amp#27;[35m[WD Proxy]&amp#27;[39m Proxying [POST /element] to [POST http://localhost:8212/wd/hub/session/81b52f7e-9d20-45a5-a28d-787ec0e9732a/element] with body: {"strategy":"id","selector":"com.android.vending:id/title_badge","context":"","multiple":false}
&amp#27;[35m[WD Proxy]&amp#27;[39m Got an unexpected response: {"sessionId":"81b52f7e-9d20-45a5-a28d-787ec0e9732a","status":7,"value":"An element could not be located on the page using the given search parameters."}
[debug] &amp#27;[35m[MJSONWP]&amp#27;[39m Matched JSONWP error code 7 to NoSuchElementError
[debug] &amp#27;[35m[BaseDriver]&amp#27;[39m Waited for 1548 ms so far
[debug] &amp#27;[35m[WD Proxy]&amp#27;[39m Matched '/element' to command name 'findElement'
[debug] &amp#27;[35m[WD Proxy]&amp#27;[39m Proxying [POST /element] to [POST http://localhost:8212/wd/hub/session/81b52f7e-9d20-45a5-a28d-787ec0e9732a/element] with body: {"strategy":"id","selector":"com.android.vending:id/title_badge","context":"","multiple":false}
&amp#27;[35m[WD Proxy]&amp#27;[39m Got an unexpected response: {"sessionId":"81b52f7e-9d20-45a5-a28d-787ec0e9732a","status":7,"value":"An element could not be located on the page using the given search parameters."}
[debug] &amp#27;[35m[MJSONWP]&amp#27;[39m Matched JSONWP error code 7 to NoSuchElementError
[debug] &amp#27;[35m[BaseDriver]&amp#27;[39m Waited for 2205 ms so far
[debug] &amp#27;[35m[WD Proxy]&amp#27;[39m Matched '/element' to command name 'findElement'
[debug] &amp#27;[35m[WD Proxy]&amp#27;[39m Proxying [POST /element] to [POST http://localhost:8212/wd/hub/session/81b52f7e-9d20-45a5-a28d-787ec0e9732a/element] with body: {"strategy":"id","selector":"com.android.vending:id/title_badge","context":"","multiple":false}
&amp#27;[35m[WD Proxy]&amp#27;[39m Got an unexpected response: {"sessionId":"81b52f7e-9d20-45a5-a28d-787ec0e9732a","status":7,"value":"An element could not be located on the page using the given search parameters."}
[debug] &amp#27;[35m[MJSONWP]&amp#27;[39m Matched JSONWP error code 7 to NoSuchElementError
[debug] &amp#27;[35m[BaseDriver]&amp#27;[39m Waited for 2857 ms so far
[debug] &amp#27;[35m[WD Proxy]&amp#27;[39m Matched '/element' to command name 'findElement'
[debug] &amp#27;[35m[WD Proxy]&amp#27;[39m Proxying [POST /element] to [POST http://localhost:8212/wd/hub/session/81b52f7e-9d20-45a5-a28d-787ec0e9732a/element] with body: {"strategy":"id","selector":"com.android.vending:id/title_badge","context":"","multiple":false}
&amp#27;[35m[WD Proxy]&amp#27;[39m Got an unexpected response: {"sessionId":"81b52f7e-9d20-45a5-a28d-787ec0e9732a","status":7,"value":"An element could not be located on the page using the given search parameters."}
[debug] &amp#27;[35m[MJSONWP]&amp#27;[39m Matched JSONWP error code 7 to NoSuchElementError
[debug] &amp#27;[35m[BaseDriver]&amp#27;[39m Waited for 3481 ms so far
[debug] &amp#27;[35m[WD Proxy]&amp#27;[39m Matched '/element' to command name 'findElement'
[debug] &amp#27;[35m[WD Proxy]&amp#27;[39m Proxying [POST /element] to [POST http://localhost:8212/wd/hub/session/81b52f7e-9d20-45a5-a28d-787ec0e9732a/element] with body: {"strategy":"id","selector":"com.android.vending:id/title_badge","context":"","multiple":false}
&amp#27;[35m[WD Proxy]&amp#27;[39m Got an unexpected response: {"sessionId":"81b52f7e-9d20-45a5-a28d-787ec0e9732a","status":7,"value":"An element could not be located on the page using the given search parameters."}
[debug] &amp#27;[35m[MJSONWP]&amp#27;[39m Matched JSONWP error code 7 to NoSuchElementError
[debug] &amp#27;[35m[BaseDriver]&amp#27;[39m Waited for 4119 ms so far
[debug] &amp#27;[35m[WD Proxy]&amp#27;[39m Matched '/element' to command name 'findElement'
[debug] &amp#27;[35m[WD Proxy]&amp#27;[39m Proxying [POST /element] to [POST http://localhost:8212/wd/hub/session/81b52f7e-9d20-45a5-a28d-787ec0e9732a/element] with body: {"strategy":"id","selector":"com.android.vending:id/title_badge","context":"","multiple":false}
&amp#27;[35m[WD Proxy]&amp#27;[39m Got an unexpected response: {"sessionId":"81b52f7e-9d20-45a5-a28d-787ec0e9732a","status":7,"value":"An element could not be located on the page using the given search parameters."}
[debug] &amp#27;[35m[MJSONWP]&amp#27;[39m Matched JSONWP error code 7 to NoSuchElementError
[debug] &amp#27;[35m[BaseDriver]&amp#27;[39m Waited for 4764 ms so far
[debug] &amp#27;[35m[WD Proxy]&amp#27;[39m Matched '/element' to command name 'findElement'
[debug] &amp#27;[35m[WD Proxy]&amp#27;[39m Proxying [POST /element] to [POST http://localhost:8212/wd/hub/session/81b52f7e-9d20-45a5-a28d-787ec0e9732a/element] with body: {"strategy":"id","selector":"com.android.vending:id/title_badge","context":"","multiple":false}
&amp#27;[35m[WD Proxy]&amp#27;[39m Got an unexpected response: {"sessionId":"81b52f7e-9d20-45a5-a28d-787ec0e9732a","status":7,"value":"An element could not be located on the page using the given search parameters."}
[debug] &amp#27;[35m[MJSONWP]&amp#27;[39m Matched JSONWP error code 7 to NoSuchElementError
[debug] &amp#27;[35m[BaseDriver]&amp#27;[39m Waited for 5382 ms so far
[debug] &amp#27;[35m[WD Proxy]&amp#27;[39m Matched '/element' to command name 'findElement'
[debug] &amp#27;[35m[WD Proxy]&amp#27;[39m Proxying [POST /element] to [POST http://localhost:8212/wd/hub/session/81b52f7e-9d20-45a5-a28d-787ec0e9732a/element] with body: {"strategy":"id","selector":"com.android.vending:id/title_badge","context":"","multiple":false}
&amp#27;[35m[WD Proxy]&amp#27;[39m Got an unexpected response: {"sessionId":"81b52f7e-9d20-45a5-a28d-787ec0e9732a","status":7,"value":"An element could not be located on the page using the given search parameters."}
[debug] &amp#27;[35m[MJSONWP]&amp#27;[39m Matched JSONWP error code 7 to NoSuchElementError
[debug] &amp#27;[35m[BaseDriver]&amp#27;[39m Waited for 6015 ms so far
[debug] &amp#27;[35m[WD Proxy]&amp#27;[39m Matched '/element' to command name 'findElement'
[debug] &amp#27;[35m[WD Proxy]&amp#27;[39m Proxying [POST /element] to [POST http://localhost:8212/wd/hub/session/81b52f7e-9d20-45a5-a28d-787ec0e9732a/element] with body: {"strategy":"id","selector":"com.android.vending:id/title_badge","context":"","multiple":false}
&amp#27;[35m[WD Proxy]&amp#27;[39m Got an unexpected response: {"sessionId":"81b52f7e-9d20-45a5-a28d-787ec0e9732a","status":7,"value":"An element could not be located on the page using the given search parameters."}
[debug] &amp#27;[35m[MJSONWP]&amp#27;[39m Matched JSONWP error code 7 to NoSuchElementError
[debug] &amp#27;[35m[BaseDriver]&amp#27;[39m Waited for 6624 ms so far
[debug] &amp#27;[35m[WD Proxy]&amp#27;[39m Matched '/element' to command name 'findElement'
[debug] &amp#27;[35m[WD Proxy]&amp#27;[39m Proxying [POST /element] to [POST http://localhost:8212/wd/hub/session/81b52f7e-9d20-45a5-a28d-787ec0e9732a/element] with body: {"strategy":"id","selector":"com.android.vending:id/title_badge","context":"","multiple":false}
&amp#27;[35m[WD Proxy]&amp#27;[39m Got an unexpected response: {"sessionId":"81b52f7e-9d20-45a5-a28d-787ec0e9732a","status":7,"value":"An element could not be located on the page using the given search parameters."}
[debug] &amp#27;[35m[MJSONWP]&amp#27;[39m Matched JSONWP error code 7 to NoSuchElementError
[debug] &amp#27;[35m[BaseDriver]&amp#27;[39m Waited for 7230 ms so far
[debug] &amp#27;[35m[WD Proxy]&amp#27;[39m Matched '/element' to command name 'findElement'
[debug] &amp#27;[35m[WD Proxy]&amp#27;[39m Proxying [POST /element] to [POST http://localhost:8212/wd/hub/session/81b52f7e-9d20-45a5-a28d-787ec0e9732a/element] with body: {"strategy":"id","selector":"com.android.vending:id/title_badge","context":"","multiple":false}
&amp#27;[35m[WD Proxy]&amp#27;[39m Got an unexpected response: {"sessionId":"81b52f7e-9d20-45a5-a28d-787ec0e9732a","status":7,"value":"An element could not be located on the page using the given search parameters."}
[debug] &amp#27;[35m[MJSONWP]&amp#27;[39m Matched JSONWP error code 7 to NoSuchElementError
[debug] &amp#27;[35m[BaseDriver]&amp#27;[39m Waited for 7853 ms so far
[debug] &amp#27;[35m[WD Proxy]&amp#27;[39m Matched '/element' to command name 'findElement'
[debug] &amp#27;[35m[WD Proxy]&amp#27;[39m Proxying [POST /element] to [POST http://localhost:8212/wd/hub/session/81b52f7e-9d20-45a5-a28d-787ec0e9732a/element] with body: {"strategy":"id","selector":"com.android.vending:id/title_badge","context":"","multiple":false}
&amp#27;[35m[WD Proxy]&amp#27;[39m Got an unexpected response: {"sessionId":"81b52f7e-9d20-45a5-a28d-787ec0e9732a","status":7,"value":"An element could not be located on the page using the given search parameters."}
[debug] &amp#27;[35m[MJSONWP]&amp#27;[39m Matched JSONWP error code 7 to NoSuchElementError
[debug] &amp#27;[35m[BaseDriver]&amp#27;[39m Waited for 8449 ms so far
[debug] &amp#27;[35m[WD Proxy]&amp#27;[39m Matched '/element' to command name 'findElement'
[debug] &amp#27;[35m[WD Proxy]&amp#27;[39m Proxying [POST /element] to [POST http://localhost:8212/wd/hub/session/81b52f7e-9d20-45a5-a28d-787ec0e9732a/element] with body: {"strategy":"id","selector":"com.android.vending:id/title_badge","context":"","multiple":false}
&amp#27;[35m[WD Proxy]&amp#27;[39m Got an unexpected response: {"sessionId":"81b52f7e-9d20-45a5-a28d-787ec0e9732a","status":7,"value":"An element could not be located on the page using the given search parameters."}
[debug] &amp#27;[35m[MJSONWP]&amp#27;[39m Matched JSONWP error code 7 to NoSuchElementError
[debug] &amp#27;[35m[BaseDriver]&amp#27;[39m Waited for 9049 ms so far
[debug] &amp#27;[35m[WD Proxy]&amp#27;[39m Matched '/element' to command name 'findElement'
[debug] &amp#27;[35m[WD Proxy]&amp#27;[39m Proxying [POST /element] to [POST http://localhost:8212/wd/hub/session/81b52f7e-9d20-45a5-a28d-787ec0e9732a/element] with body: {"strategy":"id","selector":"com.android.vending:id/title_badge","context":"","multiple":false}
&amp#27;[35m[WD Proxy]&amp#27;[39m Got an unexpected response: {"sessionId":"81b52f7e-9d20-45a5-a28d-787ec0e9732a","status":7,"value":"An element could not be located on the page using the given search parameters."}
[debug] &amp#27;[35m[MJSONWP]&amp#27;[39m Matched JSONWP error code 7 to NoSuchElementError
[debug] &amp#27;[35m[BaseDriver]&amp#27;[39m Waited for 9641 ms so far
[debug] &amp#27;[35m[WD Proxy]&amp#27;[39m Matched '/element' to command name 'findElement'
[debug] &amp#27;[35m[WD Proxy]&amp#27;[39m Proxying [POST /element] to [POST http://localhost:8212/wd/hub/session/81b52f7e-9d20-45a5-a28d-787ec0e9732a/element] with body: {"strategy":"id","selector":"com.android.vending:id/title_badge","context":"","multiple":false}
&amp#27;[35m[WD Proxy]&amp#27;[39m Got an unexpected response: {"sessionId":"81b52f7e-9d20-45a5-a28d-787ec0e9732a","status":7,"value":"An element could not be located on the page using the given search parameters."}
[debug] &amp#27;[35m[MJSONWP]&amp#27;[39m Matched JSONWP error code 7 to NoSuchElementError
[debug] &amp#27;[35m[W3C (e6372c50)]&amp#27;[39m Encountered internal error running command: NoSuchElementError: An element could not be located on the page using the given search parameters.
[debug] &amp#27;[35m[W3C (e6372c50)]&amp#27;[39m     at AndroidUiautomator2Driver.findElOrEls (C:\Users\Leonidus\AppData\Roaming\npm\node_modules\appium\node_modules\appium-android-driver\lib\commands\find.js:75:11)
&amp#27;[35m[HTTP]&amp#27;[39m &amp#27;[37m<-- POST /wd/hub/session/e6372c50-ff1b-44b9-8453-7bc7de0ad0f4/element &amp#27;[39m&amp#27;[33m404&amp#27;[39m &amp#27;[90m10251 ms - 422&amp#27;[39m
&amp#27;[35m[HTTP]&amp#27;[39m &amp#27;[90m&amp#27;[39m
&amp#27;[35m[HTTP]&amp#27;[39m &amp#27;[37m-->&amp#27;[39m &amp#27;[37mGET&amp#27;[39m &amp#27;[37m/wd/hub/session/e6372c50-ff1b-44b9-8453-7bc7de0ad0f4/screenshot&amp#27;[39m
&amp#27;[35m[HTTP]&amp#27;[39m &amp#27;[90m{}&amp#27;[39m
[debug] &amp#27;[35m[W3C (e6372c50)]&amp#27;[39m Calling AppiumDriver.getScreenshot() with args: ["e6372c50-ff1b-44b9-8453-7bc7de0ad0f4"]
[debug] &amp#27;[35m[WD Proxy]&amp#27;[39m Matched '/screenshot' to command name 'getScreenshot'
[debug] &amp#27;[35m[WD Proxy]&amp#27;[39m Proxying [GET /screenshot] to [GET http://localhost:8212/wd/hub/session/81b52f7e-9d20-45a5-a28d-787ec0e9732a/screenshot] with no body
[debug] &amp#27;[35m[WD Proxy]&amp#27;[39m Got response with status 200: "{\"sessionId\":\"81b52f7e-9d20-45a5-a28d-787ec0e9732a\",\"status\":0,\"value\":\"iVBORw0KGgoAAAANSUhEUgAAB4AAAAQ4CAYAAADo08FDAAAABHNCSVQICAgIfAhkiAAAIABJREFU\\neJzsvdtvJMmV5vkzO+buQSeDycxkiVJWV82otxpSbwM9wGIXmKd925fF\\/s2DncXsUwO7mAYa0KyE\\n0bR6dEmJVclkkB7h7nbZh2Pm7nEhM7OkkgaYsgQzSA93c7seO\\/Z95xwzf\\/XV3yb+O073v\\/\\/NX7oI\\nf9KU\\/Hh80RxfkpM32eczN6fzOkzRQBlUFosxZn4ufxFT3HsmkeaHnnnHcbmfKAOQ0lzkkmVMcxkg\\nYYjz607NhGVZTn2fEiEGQoAUA5GIMQZrDJi5TYMBawVjJF83GCuIEawRjBVqVyHGkhIkI1jrwAhI\\nBdaBCLZaYeoVtmk4Oz\\/jxYtzXl44ahfBadvHaAkjdA+er39\\/z8PmnjAMEDwh9ES\\/ReLASgwQIEZi\\nCiQCxiSsiSQC0UdiGDEpYnLdbco1SrkvUsRiMClhCZgYgYhJEQFELGIM53VDWzeIMaQY6fsdu37E\\nWkvCEFJkjIERsFWFj5E+eMaQGGLCJwgJkgFb2YOOMWCsjuDyn12MlNwXETvfl+tgYaobgBWLiGBN\\nghgwjJyfOV6\\/fsH1qxfgt+y299QChpDrbXK9DCnpmKqaGiuSi5nyWNM2wkZtdyskLERLYsXjux2\\/\\n\\/e09uyHiU8r1MEQig\\/cYm2jqipU4LpuGc3Gw7dluO0wtXF2\\/out2CGCJ+DASoseKoWlbzi4vMGIY\\ng2c39CQMZ+05TdOQ6hpCwADee4KPQGIcRx439wx+wI+elHJdjMVYixFBtJgYsaSY8H4kxYgTR4qJ\\n6AMYaFYNJoEfBvre433UKlrtIiuCmAqT3Ny\\/CUJK...
[debug] &amp#27;[35m[W3C (e6372c50)]&amp#27;[39m Responding to client with driver.getScreenshot() result: "iVBORw0KGgoAAAANSUhEUgAAB4AAAAQ4CAYAAADo08FDAAAABHNCSVQICAgIfAhkiAAAIABJREFU\neJzsvdtvJMmV5vkzO+buQSeDycxkiVJWV82otxpSbwM9wGIXmKd925fF/s2DncXsUwO7mAYa0KyE\n0bR6dEmJVclkkB7h7nbZh2Pm7nEhM7OkkgaYsgQzSA93c7seO/Z95xwzf/XV3yb+O073v//NX7oI\nf9KU/Hh80RxfkpM32eczN6fzOkzRQBlUFosxZn4ufxFT3HsmkeaHnnnHcbmfKAOQ0lzkkmVMcxkg\nYYjz607NhGVZTn2fEiEGQoAUA5GIMQZrDJi5TYMBawVjJF83GCuIEawRjBVqVyHGkhIkI1jrwAhI\nBdaBCLZaYeoVtmk4Oz/jxYtzXl44ahfBadvHaAkjdA+er39/z8PmnjAMEDwh9ES/ReLASgwQIEZi\nCiQCxiSsiSQC0UdiGDEpYnLdbco1SrkvUsRiMClhCZgYgYhJEQFELGIM53VDWzeIMaQY6fsdu37E\nWkvCEFJkjIERsFWFj5E+eMaQGGLCJwgJkgFb2YOOMWCsjuDyn12MlNwXETvfl+tgYaobgBWLiGBN\nghgwjJyfOV6/fsH1qxfgt+y299QChpDrbXK9DCnpmKqaGiuSi5nyWNM2wkZtdyskLERLYsXjux2/\n/e09uyHiU8r1MEQig/cYm2jqipU4LpuGc3Gw7dluO0wtXF2/out2CGCJ+DASoseKoWlbzi4vMGIY\ng2c39CQMZ+05TdOQ6hpCwADee4KPQGIcRx439wx+wI+elHJdjMVYixFBtJgYsaSY8H4kxYgTR4qJ\n6AMYaFYNJoEfBvre433UKlrtIiuCmAqT3Ny/CUJKpBiJIRJjIJEwRtulpMrVOFfhw8g4Dhhr8DHw\nYn1JtxvY9j0hRO35pOMnJWH0AymlWV5Zg3WCWIuI0XIldF5Yg7WCiMUaSEbLIdZiJM/zFInRE1Pg\n+voz2v...
&amp#27;[35m[HTTP]&amp#27;[39m &amp#27;[37m<-- GET /wd/hub/session/e6372c50-ff1b-44b9-8453-7bc7de0ad0f4/screenshot &amp#27;[39m&amp#27;[32m200&amp#27;[39m &amp#27;[90m1484 ms - 614250&amp#27;[39m
&amp#27;[35m[HTTP]&amp#27;[39m &amp#27;[90m&amp#27;[39m
]]></system-out>
    <system-err><![CDATA[окт 14, 2019 4:11:14 PM io.appium.java_client.remote.AppiumCommandExecutor$1 lambda$0
INFO: Detected dialect: W3C
]]></system-err>
  </testcase>
</testsuite>