<?xml version="1.0" encoding="UTF-8"?>
<testng-results skipped="0" failed="0" ignored="0" total="9" passed="9">
  <reporter-output>
  </reporter-output>
  <suite name="All Test Suite" duration-ms="556924" started-at="2019-10-26T13:36:10Z" finished-at="2019-10-26T13:45:27Z">
    <groups>
    </groups>
    <test name="MainPageTests" duration-ms="159069" started-at="2019-10-26T13:36:10Z" finished-at="2019-10-26T13:38:49Z">
      <class name="firstSEI.MainPageTests">
        <test-method status="PASS" signature="killAllNodes()[pri:0, instance:firstSEI.MainPageTests@3c09711b]" name="killAllNodes" is-config="true" duration-ms="31884" started-at="2019-10-26T13:36:10Z" finished-at="2019-10-26T13:36:42Z">
          <reporter-output>
          </reporter-output>
        </test-method> <!-- killAllNodes -->
        <test-method status="PASS" signature="openGooglePlayGamesTest()[pri:0, instance:firstSEI.MainPageTests@3c09711b]" name="openGooglePlayGamesTest" duration-ms="27043" started-at="2019-10-26T13:36:42Z" finished-at="2019-10-26T13:37:09Z">
          <reporter-output>
          </reporter-output>
        </test-method> <!-- openGooglePlayGamesTest -->
        <test-method status="PASS" signature="tearDown()[pri:0, instance:firstSEI.MainPageTests@3c09711b]" name="tearDown" is-config="true" duration-ms="51" started-at="2019-10-26T13:37:09Z" finished-at="2019-10-26T13:37:09Z">
          <reporter-output>
          </reporter-output>
        </test-method> <!-- tearDown -->
        <test-method status="PASS" signature="killAllNodes()[pri:0, instance:firstSEI.MainPageTests@3c09711b]" name="killAllNodes" is-config="true" duration-ms="27969" started-at="2019-10-26T13:37:09Z" finished-at="2019-10-26T13:37:37Z">
          <reporter-output>
          </reporter-output>
        </test-method> <!-- killAllNodes -->
        <test-method status="PASS" signature="openGooglePlayMusicTest()[pri:0, instance:firstSEI.MainPageTests@3c09711b]" name="openGooglePlayMusicTest" duration-ms="30002" started-at="2019-10-26T13:37:37Z" finished-at="2019-10-26T13:38:07Z">
          <reporter-output>
          </reporter-output>
        </test-method> <!-- openGooglePlayMusicTest -->
        <test-method status="PASS" signature="tearDown()[pri:0, instance:firstSEI.MainPageTests@3c09711b]" name="tearDown" is-config="true" duration-ms="51" started-at="2019-10-26T13:38:07Z" finished-at="2019-10-26T13:38:07Z">
          <reporter-output>
          </reporter-output>
        </test-method> <!-- tearDown -->
        <test-method status="PASS" signature="killAllNodes()[pri:0, instance:firstSEI.MainPageTests@3c09711b]" name="killAllNodes" is-config="true" duration-ms="22253" started-at="2019-10-26T13:38:07Z" finished-at="2019-10-26T13:38:29Z">
          <reporter-output>
          </reporter-output>
        </test-method> <!-- killAllNodes -->
        <test-method status="PASS" signature="openGooglePlayTest()[pri:0, instance:firstSEI.MainPageTests@3c09711b]" name="openGooglePlayTest" duration-ms="19724" started-at="2019-10-26T13:38:29Z" finished-at="2019-10-26T13:38:49Z">
          <reporter-output>
          </reporter-output>
        </test-method> <!-- openGooglePlayTest -->
        <test-method status="PASS" signature="tearDown()[pri:0, instance:firstSEI.MainPageTests@3c09711b]" name="tearDown" is-config="true" duration-ms="51" started-at="2019-10-26T13:38:49Z" finished-at="2019-10-26T13:38:49Z">
          <reporter-output>
          </reporter-output>
        </test-method> <!-- tearDown -->
      </class> <!-- firstSEI.MainPageTests -->
    </test> <!-- MainPageTests -->
    <test name="GooglePlayHomeTests" duration-ms="67236" started-at="2019-10-26T13:38:49Z" finished-at="2019-10-26T13:39:57Z">
      <class name="firstSEI.GoogleApps.GooglePlayHomeTests">
        <test-method status="PASS" signature="killAllNodes()[pri:0, instance:firstSEI.GoogleApps.GooglePlayHomeTests@56f4468b]" name="killAllNodes" is-config="true" duration-ms="23259" started-at="2019-10-26T13:38:49Z" finished-at="2019-10-26T13:39:13Z">
          <reporter-output>
          </reporter-output>
        </test-method> <!-- killAllNodes -->
        <test-method status="PASS" signature="googlePlayHomePageTest()[pri:0, instance:firstSEI.GoogleApps.GooglePlayHomeTests@56f4468b]" name="googlePlayHomePageTest" duration-ms="43926" started-at="2019-10-26T13:39:13Z" finished-at="2019-10-26T13:39:57Z">
          <reporter-output>
          </reporter-output>
        </test-method> <!-- googlePlayHomePageTest -->
        <test-method status="PASS" signature="tearDown()[pri:0, instance:firstSEI.GoogleApps.GooglePlayHomeTests@56f4468b]" name="tearDown" is-config="true" duration-ms="50" started-at="2019-10-26T13:39:57Z" finished-at="2019-10-26T13:39:57Z">
          <reporter-output>
          </reporter-output>
        </test-method> <!-- tearDown -->
      </class> <!-- firstSEI.GoogleApps.GooglePlayHomeTests -->
    </test> <!-- GooglePlayHomeTests -->
    <test name="GooglePlayGamesTests" duration-ms="68157" started-at="2019-10-26T13:39:57Z" finished-at="2019-10-26T13:41:05Z">
      <class name="firstSEI.GoogleApps.GooglePlayGamesTests">
        <test-method status="PASS" signature="killAllNodes()[pri:0, instance:firstSEI.GoogleApps.GooglePlayGamesTests@6d00a15d]" name="killAllNodes" is-config="true" duration-ms="22698" started-at="2019-10-26T13:39:57Z" finished-at="2019-10-26T13:40:19Z">
          <reporter-output>
          </reporter-output>
        </test-method> <!-- killAllNodes -->
        <test-method status="PASS" signature="googlePlayGamesPageTest()[pri:0, instance:firstSEI.GoogleApps.GooglePlayGamesTests@6d00a15d]" name="googlePlayGamesPageTest" duration-ms="45406" started-at="2019-10-26T13:40:19Z" finished-at="2019-10-26T13:41:05Z">
          <reporter-output>
          </reporter-output>
        </test-method> <!-- googlePlayGamesPageTest -->
        <test-method status="PASS" signature="tearDown()[pri:0, instance:firstSEI.GoogleApps.GooglePlayGamesTests@6d00a15d]" name="tearDown" is-config="true" duration-ms="52" started-at="2019-10-26T13:41:05Z" finished-at="2019-10-26T13:41:05Z">
          <reporter-output>
          </reporter-output>
        </test-method> <!-- tearDown -->
      </class> <!-- firstSEI.GoogleApps.GooglePlayGamesTests -->
    </test> <!-- GooglePlayGamesTests -->
    <test name="GooglePlaySettingsTests" duration-ms="52150" started-at="2019-10-26T13:41:05Z" finished-at="2019-10-26T13:41:57Z">
      <class name="firstSEI.GoogleApps.GooglePlaySettingsTests">
        <test-method status="PASS" signature="killAllNodes()[pri:0, instance:firstSEI.GoogleApps.GooglePlaySettingsTests@62ee68d8]" name="killAllNodes" is-config="true" duration-ms="23486" started-at="2019-10-26T13:41:05Z" finished-at="2019-10-26T13:41:28Z">
          <reporter-output>
          </reporter-output>
        </test-method> <!-- killAllNodes -->
        <test-method status="PASS" signature="googlePlayHomePageTest()[pri:0, instance:firstSEI.GoogleApps.GooglePlaySettingsTests@62ee68d8]" name="googlePlayHomePageTest" duration-ms="28610" started-at="2019-10-26T13:41:28Z" finished-at="2019-10-26T13:41:57Z">
          <reporter-output>
          </reporter-output>
        </test-method> <!-- googlePlayHomePageTest -->
        <test-method status="PASS" signature="tearDown()[pri:0, instance:firstSEI.GoogleApps.GooglePlaySettingsTests@62ee68d8]" name="tearDown" is-config="true" duration-ms="52" started-at="2019-10-26T13:41:57Z" finished-at="2019-10-26T13:41:57Z">
          <reporter-output>
          </reporter-output>
        </test-method> <!-- tearDown -->
      </class> <!-- firstSEI.GoogleApps.GooglePlaySettingsTests -->
    </test> <!-- GooglePlaySettingsTests -->
    <test name="ParentalControlsPageTests" duration-ms="148249" started-at="2019-10-26T13:41:57Z" finished-at="2019-10-26T13:44:25Z">
      <class name="firstSEI.GoogleApps.SettingsPages.ParentalControlsPageTest">
        <test-method status="PASS" signature="killAllNodes()[pri:0, instance:firstSEI.GoogleApps.SettingsPages.ParentalControlsPageTest@1753acfe]" name="killAllNodes" is-config="true" duration-ms="23206" started-at="2019-10-26T13:41:57Z" finished-at="2019-10-26T13:42:20Z">
          <reporter-output>
          </reporter-output>
        </test-method> <!-- killAllNodes -->
        <test-method status="PASS" signature="parentalControlsPageTest()[pri:0, instance:firstSEI.GoogleApps.SettingsPages.ParentalControlsPageTest@1753acfe]" name="parentalControlsPageTest" duration-ms="39002" started-at="2019-10-26T13:42:20Z" finished-at="2019-10-26T13:42:59Z">
          <reporter-output>
          </reporter-output>
        </test-method> <!-- parentalControlsPageTest -->
        <test-method status="PASS" signature="tearDown()[pri:0, instance:firstSEI.GoogleApps.SettingsPages.ParentalControlsPageTest@1753acfe]" name="tearDown" is-config="true" duration-ms="52" started-at="2019-10-26T13:42:59Z" finished-at="2019-10-26T13:42:59Z">
          <reporter-output>
          </reporter-output>
        </test-method> <!-- tearDown -->
        <test-method status="PASS" signature="killAllNodes()[pri:0, instance:firstSEI.GoogleApps.SettingsPages.ParentalControlsPageTest@1753acfe]" name="killAllNodes" is-config="true" duration-ms="22031" started-at="2019-10-26T13:42:59Z" finished-at="2019-10-26T13:43:21Z">
          <reporter-output>
          </reporter-output>
        </test-method> <!-- killAllNodes -->
        <test-method status="PASS" signature="setOnOffParentalControlTest()[pri:0, instance:firstSEI.GoogleApps.SettingsPages.ParentalControlsPageTest@1753acfe]" name="setOnOffParentalControlTest" duration-ms="63906" started-at="2019-10-26T13:43:21Z" finished-at="2019-10-26T13:44:25Z">
          <reporter-output>
          </reporter-output>
        </test-method> <!-- setOnOffParentalControlTest -->
        <test-method status="PASS" signature="tearDown()[pri:0, instance:firstSEI.GoogleApps.SettingsPages.ParentalControlsPageTest@1753acfe]" name="tearDown" is-config="true" duration-ms="50" started-at="2019-10-26T13:44:25Z" finished-at="2019-10-26T13:44:25Z">
          <reporter-output>
          </reporter-output>
        </test-method> <!-- tearDown -->
      </class> <!-- firstSEI.GoogleApps.SettingsPages.ParentalControlsPageTest -->
    </test> <!-- ParentalControlsPageTests -->
    <test name="PurchaseAuthorizationPageTests" duration-ms="61928" started-at="2019-10-26T13:44:25Z" finished-at="2019-10-26T13:45:27Z">
      <class name="firstSEI.GoogleApps.SettingsPages.PurchaseAuthorizationPageTest">
        <test-method status="PASS" signature="killAllNodes()[pri:0, instance:firstSEI.GoogleApps.SettingsPages.PurchaseAuthorizationPageTest@675d3402]" name="killAllNodes" is-config="true" duration-ms="22477" started-at="2019-10-26T13:44:25Z" finished-at="2019-10-26T13:44:48Z">
          <reporter-output>
          </reporter-output>
        </test-method> <!-- killAllNodes -->
        <test-method status="PASS" signature="parentalControlsPageTest()[pri:0, instance:firstSEI.GoogleApps.SettingsPages.PurchaseAuthorizationPageTest@675d3402]" name="parentalControlsPageTest" duration-ms="39399" started-at="2019-10-26T13:44:48Z" finished-at="2019-10-26T13:45:27Z">
          <reporter-output>
          </reporter-output>
        </test-method> <!-- parentalControlsPageTest -->
        <test-method status="PASS" signature="tearDown()[pri:0, instance:firstSEI.GoogleApps.SettingsPages.PurchaseAuthorizationPageTest@675d3402]" name="tearDown" is-config="true" duration-ms="51" started-at="2019-10-26T13:45:27Z" finished-at="2019-10-26T13:45:27Z">
          <reporter-output>
          </reporter-output>
        </test-method> <!-- tearDown -->
      </class> <!-- firstSEI.GoogleApps.SettingsPages.PurchaseAuthorizationPageTest -->
    </test> <!-- PurchaseAuthorizationPageTests -->
  </suite> <!-- All Test Suite -->
</testng-results>
