<?xml version="1.0" encoding="UTF-8"?>
<!-- Generated by org.testng.reporters.JUnitXMLReporter -->
<testsuite hostname="Leonidus-TOSH" ignored="0" name="MainPageTests" tests="3" failures="0" timestamp="26 окт 2019 13:38:49 GMT" time="159.069" errors="0">
  <testcase name="openGooglePlayGamesTest" time="27.043" classname="firstSEI.MainPageTests"/>
  <testcase name="openGooglePlayMusicTest" time="30.002" classname="firstSEI.MainPageTests"/>
  <testcase name="openGooglePlayTest" time="19.724" classname="firstSEI.MainPageTests"/>
</testsuite> <!-- MainPageTests -->
