<?xml version="1.0" encoding="UTF-8"?>
<!-- Generated by org.testng.reporters.JUnitXMLReporter -->
<testsuite hostname="Leonidus-TOSH" ignored="0" name="MainPageTests" tests="3" failures="0" timestamp="14 окт 2019 13:06:49 GMT" time="162.624" errors="0">
  <testcase name="openGooglePlayGamesTest" time="27.011" classname="firstSEI.MainPageTests"/>
  <testcase name="openGooglePlayMusicTest" time="30.452" classname="firstSEI.MainPageTests"/>
  <testcase name="openGooglePlayTest" time="19.624" classname="firstSEI.MainPageTests"/>
</testsuite> <!-- MainPageTests -->
