<?xml version="1.0" encoding="UTF-8"?>
<!-- Generated by org.testng.reporters.JUnitXMLReporter -->
<testsuite hostname="Leonidus-TOSH" ignored="0" name="ParentalControlsPageTests" tests="2" failures="0" timestamp="26 окт 2019 13:44:25 GMT" time="148.249" errors="0">
  <testcase name="parentalControlsPageTest" time="39.002" classname="firstSEI.GoogleApps.SettingsPages.ParentalControlsPageTest"/>
  <testcase name="setOnOffParentalControlTest" time="63.906" classname="firstSEI.GoogleApps.SettingsPages.ParentalControlsPageTest"/>
</testsuite> <!-- ParentalControlsPageTests -->
